Determining if files endian.h exist failed with the following output:
Change Dir: D:/Danny/SignalGarden/ElectrolyteThirdParty/MIT/jansson/build/CMakeFiles/CMakeTmp

Run Build Command:"C:/Program Files (x86)/MSBuild/14.0/bin/MSBuild.exe" "cmTC_be157.vcxproj" "/p:Configuration=Debug" "/p:VisualStudioVersion=14.0"
Microsoft (R) Build Engine version 14.0.25420.1
Copyright (C) Microsoft Corporation. All rights reserved.

Build started 2/6/2017 11:15:20 PM.
The target "_ConvertPdbFiles" listed in a BeforeTargets attribute at "C:\Program Files (x86)\MSBuild\14.0\Microsoft.Common.targets\ImportAfter\Xamarin.Common.targets (34,37)" does not exist in the project, and will be ignored.
The target "_CollectPdbFiles" listed in an AfterTargets attribute at "C:\Program Files (x86)\MSBuild\14.0\Microsoft.Common.targets\ImportAfter\Xamarin.Common.targets (34,70)" does not exist in the project, and will be ignored.
The target "_CollectMdbFiles" listed in a BeforeTargets attribute at "C:\Program Files (x86)\MSBuild\14.0\Microsoft.Common.targets\ImportAfter\Xamarin.Common.targets (41,38)" does not exist in the project, and will be ignored.
The target "_CopyMdbFiles" listed in an AfterTargets attribute at "C:\Program Files (x86)\MSBuild\14.0\Microsoft.Common.targets\ImportAfter\Xamarin.Common.targets (41,71)" does not exist in the project, and will be ignored.
Project "D:\Danny\SignalGarden\ElectrolyteThirdParty\MIT\jansson\build\CMakeFiles\CMakeTmp\cmTC_be157.vcxproj" on node 1 (default targets).
PrepareForBuild:
  Creating directory "cmTC_be157.dir\Debug\".
  Creating directory "D:\Danny\SignalGarden\ElectrolyteThirdParty\MIT\jansson\build\CMakeFiles\CMakeTmp\Debug\".
  Creating directory "cmTC_be157.dir\Debug\cmTC_be157.tlog\".
InitializeBuildStatus:
  Creating "cmTC_be157.dir\Debug\cmTC_be157.tlog\unsuccessfulbuild" because "AlwaysCreate" was specified.
ClCompile:
  C:\Program Files (x86)\Microsoft Visual Studio 14.0\VC\bin\x86_amd64\CL.exe /c /Zi /W3 /WX- /Od /Ob0 /D WIN32 /D _WINDOWS /D _DEBUG /D "CMAKE_INTDIR=\"Debug\"" /D _MBCS /Gm- /RTC1 /MDd /GS /fp:precise /Zc:wchar_t /Zc:forScope /Zc:inline /Fo"cmTC_be157.dir\Debug\\" /Fd"cmTC_be157.dir\Debug\vc140.pdb" /Gd /TC /errorReport:queue D:\Danny\SignalGarden\ElectrolyteThirdParty\MIT\jansson\build\CMakeFiles\CMakeTmp\CheckIncludeFiles.c
  Microsoft (R) C/C++ Optimizing Compiler Version 19.00.24213.1 for x64
  Copyright (C) Microsoft Corporation.  All rights reserved.
  
  cl /c /Zi /W3 /WX- /Od /Ob0 /D WIN32 /D _WINDOWS /D _DEBUG /D "CMAKE_INTDIR=\"Debug\"" /D _MBCS /Gm- /RTC1 /MDd /GS /fp:precise /Zc:wchar_t /Zc:forScope /Zc:inline /Fo"cmTC_be157.dir\Debug\\" /Fd"cmTC_be157.dir\Debug\vc140.pdb" /Gd /TC /errorReport:queue D:\Danny\SignalGarden\ElectrolyteThirdParty\MIT\jansson\build\CMakeFiles\CMakeTmp\CheckIncludeFiles.c
  
  CheckIncludeFiles.c
D:\Danny\SignalGarden\ElectrolyteThirdParty\MIT\jansson\build\CMakeFiles\CMakeTmp\CheckIncludeFiles.c(2): fatal error C1083: Cannot open include file: 'endian.h': No such file or directory [D:\Danny\SignalGarden\ElectrolyteThirdParty\MIT\jansson\build\CMakeFiles\CMakeTmp\cmTC_be157.vcxproj]
Done Building Project "D:\Danny\SignalGarden\ElectrolyteThirdParty\MIT\jansson\build\CMakeFiles\CMakeTmp\cmTC_be157.vcxproj" (default targets) -- FAILED.

Build FAILED.

"D:\Danny\SignalGarden\ElectrolyteThirdParty\MIT\jansson\build\CMakeFiles\CMakeTmp\cmTC_be157.vcxproj" (default target) (1) ->
(ClCompile target) -> 
  D:\Danny\SignalGarden\ElectrolyteThirdParty\MIT\jansson\build\CMakeFiles\CMakeTmp\CheckIncludeFiles.c(2): fatal error C1083: Cannot open include file: 'endian.h': No such file or directory [D:\Danny\SignalGarden\ElectrolyteThirdParty\MIT\jansson\build\CMakeFiles\CMakeTmp\cmTC_be157.vcxproj]

    0 Warning(s)
    1 Error(s)

Time Elapsed 00:00:00.52

Source:
/* */
#include <endian.h>


int main(void){return 0;}

Determining if files sched.h exist failed with the following output:
Change Dir: D:/Danny/SignalGarden/ElectrolyteThirdParty/MIT/jansson/build/CMakeFiles/CMakeTmp

Run Build Command:"C:/Program Files (x86)/MSBuild/14.0/bin/MSBuild.exe" "cmTC_92a82.vcxproj" "/p:Configuration=Debug" "/p:VisualStudioVersion=14.0"
Microsoft (R) Build Engine version 14.0.25420.1
Copyright (C) Microsoft Corporation. All rights reserved.

Build started 2/6/2017 11:15:21 PM.
The target "_ConvertPdbFiles" listed in a BeforeTargets attribute at "C:\Program Files (x86)\MSBuild\14.0\Microsoft.Common.targets\ImportAfter\Xamarin.Common.targets (34,37)" does not exist in the project, and will be ignored.
The target "_CollectPdbFiles" listed in an AfterTargets attribute at "C:\Program Files (x86)\MSBuild\14.0\Microsoft.Common.targets\ImportAfter\Xamarin.Common.targets (34,70)" does not exist in the project, and will be ignored.
The target "_CollectMdbFiles" listed in a BeforeTargets attribute at "C:\Program Files (x86)\MSBuild\14.0\Microsoft.Common.targets\ImportAfter\Xamarin.Common.targets (41,38)" does not exist in the project, and will be ignored.
The target "_CopyMdbFiles" listed in an AfterTargets attribute at "C:\Program Files (x86)\MSBuild\14.0\Microsoft.Common.targets\ImportAfter\Xamarin.Common.targets (41,71)" does not exist in the project, and will be ignored.
Project "D:\Danny\SignalGarden\ElectrolyteThirdParty\MIT\jansson\build\CMakeFiles\CMakeTmp\cmTC_92a82.vcxproj" on node 1 (default targets).
PrepareForBuild:
  Creating directory "cmTC_92a82.dir\Debug\".
  Creating directory "D:\Danny\SignalGarden\ElectrolyteThirdParty\MIT\jansson\build\CMakeFiles\CMakeTmp\Debug\".
  Creating directory "cmTC_92a82.dir\Debug\cmTC_92a82.tlog\".
InitializeBuildStatus:
  Creating "cmTC_92a82.dir\Debug\cmTC_92a82.tlog\unsuccessfulbuild" because "AlwaysCreate" was specified.
ClCompile:
  C:\Program Files (x86)\Microsoft Visual Studio 14.0\VC\bin\x86_amd64\CL.exe /c /Zi /W3 /WX- /Od /Ob0 /D WIN32 /D _WINDOWS /D _DEBUG /D "CMAKE_INTDIR=\"Debug\"" /D _MBCS /Gm- /RTC1 /MDd /GS /fp:precise /Zc:wchar_t /Zc:forScope /Zc:inline /Fo"cmTC_92a82.dir\Debug\\" /Fd"cmTC_92a82.dir\Debug\vc140.pdb" /Gd /TC /errorReport:queue D:\Danny\SignalGarden\ElectrolyteThirdParty\MIT\jansson\build\CMakeFiles\CMakeTmp\CheckIncludeFiles.c
  Microsoft (R) C/C++ Optimizing Compiler Version 19.00.24213.1 for x64
  Copyright (C) Microsoft Corporation.  All rights reserved.
  
  cl /c /Zi /W3 /WX- /Od /Ob0 /D WIN32 /D _WINDOWS /D _DEBUG /D "CMAKE_INTDIR=\"Debug\"" /D _MBCS /Gm- /RTC1 /MDd /GS /fp:precise /Zc:wchar_t /Zc:forScope /Zc:inline /Fo"cmTC_92a82.dir\Debug\\" /Fd"cmTC_92a82.dir\Debug\vc140.pdb" /Gd /TC /errorReport:queue D:\Danny\SignalGarden\ElectrolyteThirdParty\MIT\jansson\build\CMakeFiles\CMakeTmp\CheckIncludeFiles.c
  
  CheckIncludeFiles.c
D:\Danny\SignalGarden\ElectrolyteThirdParty\MIT\jansson\build\CMakeFiles\CMakeTmp\CheckIncludeFiles.c(2): fatal error C1083: Cannot open include file: 'sched.h': No such file or directory [D:\Danny\SignalGarden\ElectrolyteThirdParty\MIT\jansson\build\CMakeFiles\CMakeTmp\cmTC_92a82.vcxproj]
Done Building Project "D:\Danny\SignalGarden\ElectrolyteThirdParty\MIT\jansson\build\CMakeFiles\CMakeTmp\cmTC_92a82.vcxproj" (default targets) -- FAILED.

Build FAILED.

"D:\Danny\SignalGarden\ElectrolyteThirdParty\MIT\jansson\build\CMakeFiles\CMakeTmp\cmTC_92a82.vcxproj" (default target) (1) ->
(ClCompile target) -> 
  D:\Danny\SignalGarden\ElectrolyteThirdParty\MIT\jansson\build\CMakeFiles\CMakeTmp\CheckIncludeFiles.c(2): fatal error C1083: Cannot open include file: 'sched.h': No such file or directory [D:\Danny\SignalGarden\ElectrolyteThirdParty\MIT\jansson\build\CMakeFiles\CMakeTmp\cmTC_92a82.vcxproj]

    0 Warning(s)
    1 Error(s)

Time Elapsed 00:00:00.44

Source:
/* */
#include <sched.h>


int main(void){return 0;}

Determining if files unistd.h exist failed with the following output:
Change Dir: D:/Danny/SignalGarden/ElectrolyteThirdParty/MIT/jansson/build/CMakeFiles/CMakeTmp

Run Build Command:"C:/Program Files (x86)/MSBuild/14.0/bin/MSBuild.exe" "cmTC_635c0.vcxproj" "/p:Configuration=Debug" "/p:VisualStudioVersion=14.0"
Microsoft (R) Build Engine version 14.0.25420.1
Copyright (C) Microsoft Corporation. All rights reserved.

Build started 2/6/2017 11:15:22 PM.
The target "_ConvertPdbFiles" listed in a BeforeTargets attribute at "C:\Program Files (x86)\MSBuild\14.0\Microsoft.Common.targets\ImportAfter\Xamarin.Common.targets (34,37)" does not exist in the project, and will be ignored.
The target "_CollectPdbFiles" listed in an AfterTargets attribute at "C:\Program Files (x86)\MSBuild\14.0\Microsoft.Common.targets\ImportAfter\Xamarin.Common.targets (34,70)" does not exist in the project, and will be ignored.
The target "_CollectMdbFiles" listed in a BeforeTargets attribute at "C:\Program Files (x86)\MSBuild\14.0\Microsoft.Common.targets\ImportAfter\Xamarin.Common.targets (41,38)" does not exist in the project, and will be ignored.
The target "_CopyMdbFiles" listed in an AfterTargets attribute at "C:\Program Files (x86)\MSBuild\14.0\Microsoft.Common.targets\ImportAfter\Xamarin.Common.targets (41,71)" does not exist in the project, and will be ignored.
Project "D:\Danny\SignalGarden\ElectrolyteThirdParty\MIT\jansson\build\CMakeFiles\CMakeTmp\cmTC_635c0.vcxproj" on node 1 (default targets).
PrepareForBuild:
  Creating directory "cmTC_635c0.dir\Debug\".
  Creating directory "D:\Danny\SignalGarden\ElectrolyteThirdParty\MIT\jansson\build\CMakeFiles\CMakeTmp\Debug\".
  Creating directory "cmTC_635c0.dir\Debug\cmTC_635c0.tlog\".
InitializeBuildStatus:
  Creating "cmTC_635c0.dir\Debug\cmTC_635c0.tlog\unsuccessfulbuild" because "AlwaysCreate" was specified.
ClCompile:
  C:\Program Files (x86)\Microsoft Visual Studio 14.0\VC\bin\x86_amd64\CL.exe /c /Zi /W3 /WX- /Od /Ob0 /D WIN32 /D _WINDOWS /D _DEBUG /D "CMAKE_INTDIR=\"Debug\"" /D _MBCS /Gm- /RTC1 /MDd /GS /fp:precise /Zc:wchar_t /Zc:forScope /Zc:inline /Fo"cmTC_635c0.dir\Debug\\" /Fd"cmTC_635c0.dir\Debug\vc140.pdb" /Gd /TC /errorReport:queue D:\Danny\SignalGarden\ElectrolyteThirdParty\MIT\jansson\build\CMakeFiles\CMakeTmp\CheckIncludeFiles.c
  Microsoft (R) C/C++ Optimizing Compiler Version 19.00.24213.1 for x64
  Copyright (C) Microsoft Corporation.  All rights reserved.
  
  cl /c /Zi /W3 /WX- /Od /Ob0 /D WIN32 /D _WINDOWS /D _DEBUG /D "CMAKE_INTDIR=\"Debug\"" /D _MBCS /Gm- /RTC1 /MDd /GS /fp:precise /Zc:wchar_t /Zc:forScope /Zc:inline /Fo"cmTC_635c0.dir\Debug\\" /Fd"cmTC_635c0.dir\Debug\vc140.pdb" /Gd /TC /errorReport:queue D:\Danny\SignalGarden\ElectrolyteThirdParty\MIT\jansson\build\CMakeFiles\CMakeTmp\CheckIncludeFiles.c
  
  CheckIncludeFiles.c
D:\Danny\SignalGarden\ElectrolyteThirdParty\MIT\jansson\build\CMakeFiles\CMakeTmp\CheckIncludeFiles.c(2): fatal error C1083: Cannot open include file: 'unistd.h': No such file or directory [D:\Danny\SignalGarden\ElectrolyteThirdParty\MIT\jansson\build\CMakeFiles\CMakeTmp\cmTC_635c0.vcxproj]
Done Building Project "D:\Danny\SignalGarden\ElectrolyteThirdParty\MIT\jansson\build\CMakeFiles\CMakeTmp\cmTC_635c0.vcxproj" (default targets) -- FAILED.

Build FAILED.

"D:\Danny\SignalGarden\ElectrolyteThirdParty\MIT\jansson\build\CMakeFiles\CMakeTmp\cmTC_635c0.vcxproj" (default target) (1) ->
(ClCompile target) -> 
  D:\Danny\SignalGarden\ElectrolyteThirdParty\MIT\jansson\build\CMakeFiles\CMakeTmp\CheckIncludeFiles.c(2): fatal error C1083: Cannot open include file: 'unistd.h': No such file or directory [D:\Danny\SignalGarden\ElectrolyteThirdParty\MIT\jansson\build\CMakeFiles\CMakeTmp\cmTC_635c0.vcxproj]

    0 Warning(s)
    1 Error(s)

Time Elapsed 00:00:00.44

Source:
/* */
#include <unistd.h>


int main(void){return 0;}

Determining if files sys/param.h exist failed with the following output:
Change Dir: D:/Danny/SignalGarden/ElectrolyteThirdParty/MIT/jansson/build/CMakeFiles/CMakeTmp

Run Build Command:"C:/Program Files (x86)/MSBuild/14.0/bin/MSBuild.exe" "cmTC_d3583.vcxproj" "/p:Configuration=Debug" "/p:VisualStudioVersion=14.0"
Microsoft (R) Build Engine version 14.0.25420.1
Copyright (C) Microsoft Corporation. All rights reserved.

Build started 2/6/2017 11:15:23 PM.
The target "_ConvertPdbFiles" listed in a BeforeTargets attribute at "C:\Program Files (x86)\MSBuild\14.0\Microsoft.Common.targets\ImportAfter\Xamarin.Common.targets (34,37)" does not exist in the project, and will be ignored.
The target "_CollectPdbFiles" listed in an AfterTargets attribute at "C:\Program Files (x86)\MSBuild\14.0\Microsoft.Common.targets\ImportAfter\Xamarin.Common.targets (34,70)" does not exist in the project, and will be ignored.
The target "_CollectMdbFiles" listed in a BeforeTargets attribute at "C:\Program Files (x86)\MSBuild\14.0\Microsoft.Common.targets\ImportAfter\Xamarin.Common.targets (41,38)" does not exist in the project, and will be ignored.
The target "_CopyMdbFiles" listed in an AfterTargets attribute at "C:\Program Files (x86)\MSBuild\14.0\Microsoft.Common.targets\ImportAfter\Xamarin.Common.targets (41,71)" does not exist in the project, and will be ignored.
Project "D:\Danny\SignalGarden\ElectrolyteThirdParty\MIT\jansson\build\CMakeFiles\CMakeTmp\cmTC_d3583.vcxproj" on node 1 (default targets).
PrepareForBuild:
  Creating directory "cmTC_d3583.dir\Debug\".
  Creating directory "D:\Danny\SignalGarden\ElectrolyteThirdParty\MIT\jansson\build\CMakeFiles\CMakeTmp\Debug\".
  Creating directory "cmTC_d3583.dir\Debug\cmTC_d3583.tlog\".
InitializeBuildStatus:
  Creating "cmTC_d3583.dir\Debug\cmTC_d3583.tlog\unsuccessfulbuild" because "AlwaysCreate" was specified.
ClCompile:
  C:\Program Files (x86)\Microsoft Visual Studio 14.0\VC\bin\x86_amd64\CL.exe /c /Zi /W3 /WX- /Od /Ob0 /D WIN32 /D _WINDOWS /D _DEBUG /D "CMAKE_INTDIR=\"Debug\"" /D _MBCS /Gm- /RTC1 /MDd /GS /fp:precise /Zc:wchar_t /Zc:forScope /Zc:inline /Fo"cmTC_d3583.dir\Debug\\" /Fd"cmTC_d3583.dir\Debug\vc140.pdb" /Gd /TC /errorReport:queue D:\Danny\SignalGarden\ElectrolyteThirdParty\MIT\jansson\build\CMakeFiles\CMakeTmp\CheckIncludeFiles.c
  Microsoft (R) C/C++ Optimizing Compiler Version 19.00.24213.1 for x64
  Copyright (C) Microsoft Corporation.  All rights reserved.
  
  cl /c /Zi /W3 /WX- /Od /Ob0 /D WIN32 /D _WINDOWS /D _DEBUG /D "CMAKE_INTDIR=\"Debug\"" /D _MBCS /Gm- /RTC1 /MDd /GS /fp:precise /Zc:wchar_t /Zc:forScope /Zc:inline /Fo"cmTC_d3583.dir\Debug\\" /Fd"cmTC_d3583.dir\Debug\vc140.pdb" /Gd /TC /errorReport:queue D:\Danny\SignalGarden\ElectrolyteThirdParty\MIT\jansson\build\CMakeFiles\CMakeTmp\CheckIncludeFiles.c
  
  CheckIncludeFiles.c
D:\Danny\SignalGarden\ElectrolyteThirdParty\MIT\jansson\build\CMakeFiles\CMakeTmp\CheckIncludeFiles.c(2): fatal error C1083: Cannot open include file: 'sys/param.h': No such file or directory [D:\Danny\SignalGarden\ElectrolyteThirdParty\MIT\jansson\build\CMakeFiles\CMakeTmp\cmTC_d3583.vcxproj]
Done Building Project "D:\Danny\SignalGarden\ElectrolyteThirdParty\MIT\jansson\build\CMakeFiles\CMakeTmp\cmTC_d3583.vcxproj" (default targets) -- FAILED.

Build FAILED.

"D:\Danny\SignalGarden\ElectrolyteThirdParty\MIT\jansson\build\CMakeFiles\CMakeTmp\cmTC_d3583.vcxproj" (default target) (1) ->
(ClCompile target) -> 
  D:\Danny\SignalGarden\ElectrolyteThirdParty\MIT\jansson\build\CMakeFiles\CMakeTmp\CheckIncludeFiles.c(2): fatal error C1083: Cannot open include file: 'sys/param.h': No such file or directory [D:\Danny\SignalGarden\ElectrolyteThirdParty\MIT\jansson\build\CMakeFiles\CMakeTmp\cmTC_d3583.vcxproj]

    0 Warning(s)
    1 Error(s)

Time Elapsed 00:00:00.43

Source:
/* */
#include <sys/param.h>


int main(void){return 0;}

Determining if files sys/time.h exist failed with the following output:
Change Dir: D:/Danny/SignalGarden/ElectrolyteThirdParty/MIT/jansson/build/CMakeFiles/CMakeTmp

Run Build Command:"C:/Program Files (x86)/MSBuild/14.0/bin/MSBuild.exe" "cmTC_f2d17.vcxproj" "/p:Configuration=Debug" "/p:VisualStudioVersion=14.0"
Microsoft (R) Build Engine version 14.0.25420.1
Copyright (C) Microsoft Corporation. All rights reserved.

Build started 2/6/2017 11:15:24 PM.
The target "_ConvertPdbFiles" listed in a BeforeTargets attribute at "C:\Program Files (x86)\MSBuild\14.0\Microsoft.Common.targets\ImportAfter\Xamarin.Common.targets (34,37)" does not exist in the project, and will be ignored.
The target "_CollectPdbFiles" listed in an AfterTargets attribute at "C:\Program Files (x86)\MSBuild\14.0\Microsoft.Common.targets\ImportAfter\Xamarin.Common.targets (34,70)" does not exist in the project, and will be ignored.
The target "_CollectMdbFiles" listed in a BeforeTargets attribute at "C:\Program Files (x86)\MSBuild\14.0\Microsoft.Common.targets\ImportAfter\Xamarin.Common.targets (41,38)" does not exist in the project, and will be ignored.
The target "_CopyMdbFiles" listed in an AfterTargets attribute at "C:\Program Files (x86)\MSBuild\14.0\Microsoft.Common.targets\ImportAfter\Xamarin.Common.targets (41,71)" does not exist in the project, and will be ignored.
Project "D:\Danny\SignalGarden\ElectrolyteThirdParty\MIT\jansson\build\CMakeFiles\CMakeTmp\cmTC_f2d17.vcxproj" on node 1 (default targets).
PrepareForBuild:
  Creating directory "cmTC_f2d17.dir\Debug\".
  Creating directory "D:\Danny\SignalGarden\ElectrolyteThirdParty\MIT\jansson\build\CMakeFiles\CMakeTmp\Debug\".
  Creating directory "cmTC_f2d17.dir\Debug\cmTC_f2d17.tlog\".
InitializeBuildStatus:
  Creating "cmTC_f2d17.dir\Debug\cmTC_f2d17.tlog\unsuccessfulbuild" because "AlwaysCreate" was specified.
ClCompile:
  C:\Program Files (x86)\Microsoft Visual Studio 14.0\VC\bin\x86_amd64\CL.exe /c /Zi /W3 /WX- /Od /Ob0 /D WIN32 /D _WINDOWS /D _DEBUG /D "CMAKE_INTDIR=\"Debug\"" /D _MBCS /Gm- /RTC1 /MDd /GS /fp:precise /Zc:wchar_t /Zc:forScope /Zc:inline /Fo"cmTC_f2d17.dir\Debug\\" /Fd"cmTC_f2d17.dir\Debug\vc140.pdb" /Gd /TC /errorReport:queue D:\Danny\SignalGarden\ElectrolyteThirdParty\MIT\jansson\build\CMakeFiles\CMakeTmp\CheckIncludeFiles.c
  Microsoft (R) C/C++ Optimizing Compiler Version 19.00.24213.1 for x64
  Copyright (C) Microsoft Corporation.  All rights reserved.
  
  cl /c /Zi /W3 /WX- /Od /Ob0 /D WIN32 /D _WINDOWS /D _DEBUG /D "CMAKE_INTDIR=\"Debug\"" /D _MBCS /Gm- /RTC1 /MDd /GS /fp:precise /Zc:wchar_t /Zc:forScope /Zc:inline /Fo"cmTC_f2d17.dir\Debug\\" /Fd"cmTC_f2d17.dir\Debug\vc140.pdb" /Gd /TC /errorReport:queue D:\Danny\SignalGarden\ElectrolyteThirdParty\MIT\jansson\build\CMakeFiles\CMakeTmp\CheckIncludeFiles.c
  
  CheckIncludeFiles.c
D:\Danny\SignalGarden\ElectrolyteThirdParty\MIT\jansson\build\CMakeFiles\CMakeTmp\CheckIncludeFiles.c(2): fatal error C1083: Cannot open include file: 'sys/time.h': No such file or directory [D:\Danny\SignalGarden\ElectrolyteThirdParty\MIT\jansson\build\CMakeFiles\CMakeTmp\cmTC_f2d17.vcxproj]
Done Building Project "D:\Danny\SignalGarden\ElectrolyteThirdParty\MIT\jansson\build\CMakeFiles\CMakeTmp\cmTC_f2d17.vcxproj" (default targets) -- FAILED.

Build FAILED.

"D:\Danny\SignalGarden\ElectrolyteThirdParty\MIT\jansson\build\CMakeFiles\CMakeTmp\cmTC_f2d17.vcxproj" (default target) (1) ->
(ClCompile target) -> 
  D:\Danny\SignalGarden\ElectrolyteThirdParty\MIT\jansson\build\CMakeFiles\CMakeTmp\CheckIncludeFiles.c(2): fatal error C1083: Cannot open include file: 'sys/time.h': No such file or directory [D:\Danny\SignalGarden\ElectrolyteThirdParty\MIT\jansson\build\CMakeFiles\CMakeTmp\cmTC_f2d17.vcxproj]

    0 Warning(s)
    1 Error(s)

Time Elapsed 00:00:00.41

Source:
/* */
#include <sys/time.h>


int main(void){return 0;}

Determining if files sys/time.h exist failed with the following output:
Change Dir: D:/Danny/SignalGarden/ElectrolyteThirdParty/MIT/jansson/build/CMakeFiles/CMakeTmp

Run Build Command:"C:/Program Files (x86)/MSBuild/14.0/bin/MSBuild.exe" "cmTC_2dd9c.vcxproj" "/p:Configuration=Debug" "/p:VisualStudioVersion=14.0"
Microsoft (R) Build Engine version 14.0.25420.1
Copyright (C) Microsoft Corporation. All rights reserved.

Build started 2/6/2017 11:15:25 PM.
The target "_ConvertPdbFiles" listed in a BeforeTargets attribute at "C:\Program Files (x86)\MSBuild\14.0\Microsoft.Common.targets\ImportAfter\Xamarin.Common.targets (34,37)" does not exist in the project, and will be ignored.
The target "_CollectPdbFiles" listed in an AfterTargets attribute at "C:\Program Files (x86)\MSBuild\14.0\Microsoft.Common.targets\ImportAfter\Xamarin.Common.targets (34,70)" does not exist in the project, and will be ignored.
The target "_CollectMdbFiles" listed in a BeforeTargets attribute at "C:\Program Files (x86)\MSBuild\14.0\Microsoft.Common.targets\ImportAfter\Xamarin.Common.targets (41,38)" does not exist in the project, and will be ignored.
The target "_CopyMdbFiles" listed in an AfterTargets attribute at "C:\Program Files (x86)\MSBuild\14.0\Microsoft.Common.targets\ImportAfter\Xamarin.Common.targets (41,71)" does not exist in the project, and will be ignored.
Project "D:\Danny\SignalGarden\ElectrolyteThirdParty\MIT\jansson\build\CMakeFiles\CMakeTmp\cmTC_2dd9c.vcxproj" on node 1 (default targets).
PrepareForBuild:
  Creating directory "cmTC_2dd9c.dir\Debug\".
  Creating directory "D:\Danny\SignalGarden\ElectrolyteThirdParty\MIT\jansson\build\CMakeFiles\CMakeTmp\Debug\".
  Creating directory "cmTC_2dd9c.dir\Debug\cmTC_2dd9c.tlog\".
InitializeBuildStatus:
  Creating "cmTC_2dd9c.dir\Debug\cmTC_2dd9c.tlog\unsuccessfulbuild" because "AlwaysCreate" was specified.
ClCompile:
  C:\Program Files (x86)\Microsoft Visual Studio 14.0\VC\bin\x86_amd64\CL.exe /c /Zi /W3 /WX- /Od /Ob0 /D WIN32 /D _WINDOWS /D _DEBUG /D "CMAKE_INTDIR=\"Debug\"" /D _MBCS /Gm- /RTC1 /MDd /GS /fp:precise /Zc:wchar_t /Zc:forScope /Zc:inline /Fo"cmTC_2dd9c.dir\Debug\\" /Fd"cmTC_2dd9c.dir\Debug\vc140.pdb" /Gd /TC /errorReport:queue D:\Danny\SignalGarden\ElectrolyteThirdParty\MIT\jansson\build\CMakeFiles\CMakeTmp\CheckIncludeFiles.c
  Microsoft (R) C/C++ Optimizing Compiler Version 19.00.24213.1 for x64
  Copyright (C) Microsoft Corporation.  All rights reserved.
  
  cl /c /Zi /W3 /WX- /Od /Ob0 /D WIN32 /D _WINDOWS /D _DEBUG /D "CMAKE_INTDIR=\"Debug\"" /D _MBCS /Gm- /RTC1 /MDd /GS /fp:precise /Zc:wchar_t /Zc:forScope /Zc:inline /Fo"cmTC_2dd9c.dir\Debug\\" /Fd"cmTC_2dd9c.dir\Debug\vc140.pdb" /Gd /TC /errorReport:queue D:\Danny\SignalGarden\ElectrolyteThirdParty\MIT\jansson\build\CMakeFiles\CMakeTmp\CheckIncludeFiles.c
  
  CheckIncludeFiles.c
D:\Danny\SignalGarden\ElectrolyteThirdParty\MIT\jansson\build\CMakeFiles\CMakeTmp\CheckIncludeFiles.c(2): fatal error C1083: Cannot open include file: 'sys/time.h': No such file or directory [D:\Danny\SignalGarden\ElectrolyteThirdParty\MIT\jansson\build\CMakeFiles\CMakeTmp\cmTC_2dd9c.vcxproj]
Done Building Project "D:\Danny\SignalGarden\ElectrolyteThirdParty\MIT\jansson\build\CMakeFiles\CMakeTmp\cmTC_2dd9c.vcxproj" (default targets) -- FAILED.

Build FAILED.

"D:\Danny\SignalGarden\ElectrolyteThirdParty\MIT\jansson\build\CMakeFiles\CMakeTmp\cmTC_2dd9c.vcxproj" (default target) (1) ->
(ClCompile target) -> 
  D:\Danny\SignalGarden\ElectrolyteThirdParty\MIT\jansson\build\CMakeFiles\CMakeTmp\CheckIncludeFiles.c(2): fatal error C1083: Cannot open include file: 'sys/time.h': No such file or directory [D:\Danny\SignalGarden\ElectrolyteThirdParty\MIT\jansson\build\CMakeFiles\CMakeTmp\cmTC_2dd9c.vcxproj]

    0 Warning(s)
    1 Error(s)

Time Elapsed 00:00:00.43

Source:
/* */
#include <sys/time.h>


int main(void){return 0;}

Determining if the function gettimeofday exists failed with the following output:
Change Dir: D:/Danny/SignalGarden/ElectrolyteThirdParty/MIT/jansson/build/CMakeFiles/CMakeTmp

Run Build Command:"C:/Program Files (x86)/MSBuild/14.0/bin/MSBuild.exe" "cmTC_b885e.vcxproj" "/p:Configuration=Debug" "/p:VisualStudioVersion=14.0"
Microsoft (R) Build Engine version 14.0.25420.1
Copyright (C) Microsoft Corporation. All rights reserved.

Build started 2/6/2017 11:15:28 PM.
The target "_ConvertPdbFiles" listed in a BeforeTargets attribute at "C:\Program Files (x86)\MSBuild\14.0\Microsoft.Common.targets\ImportAfter\Xamarin.Common.targets (34,37)" does not exist in the project, and will be ignored.
The target "_CollectPdbFiles" listed in an AfterTargets attribute at "C:\Program Files (x86)\MSBuild\14.0\Microsoft.Common.targets\ImportAfter\Xamarin.Common.targets (34,70)" does not exist in the project, and will be ignored.
The target "_CollectMdbFiles" listed in a BeforeTargets attribute at "C:\Program Files (x86)\MSBuild\14.0\Microsoft.Common.targets\ImportAfter\Xamarin.Common.targets (41,38)" does not exist in the project, and will be ignored.
The target "_CopyMdbFiles" listed in an AfterTargets attribute at "C:\Program Files (x86)\MSBuild\14.0\Microsoft.Common.targets\ImportAfter\Xamarin.Common.targets (41,71)" does not exist in the project, and will be ignored.
Project "D:\Danny\SignalGarden\ElectrolyteThirdParty\MIT\jansson\build\CMakeFiles\CMakeTmp\cmTC_b885e.vcxproj" on node 1 (default targets).
PrepareForBuild:
  Creating directory "cmTC_b885e.dir\Debug\".
  Creating directory "D:\Danny\SignalGarden\ElectrolyteThirdParty\MIT\jansson\build\CMakeFiles\CMakeTmp\Debug\".
  Creating directory "cmTC_b885e.dir\Debug\cmTC_b885e.tlog\".
InitializeBuildStatus:
  Creating "cmTC_b885e.dir\Debug\cmTC_b885e.tlog\unsuccessfulbuild" because "AlwaysCreate" was specified.
ClCompile:
  C:\Program Files (x86)\Microsoft Visual Studio 14.0\VC\bin\x86_amd64\CL.exe /c /Zi /W3 /WX- /Od /Ob0 /D WIN32 /D _WINDOWS /D CHECK_FUNCTION_EXISTS=gettimeofday /D _DEBUG /D "CMAKE_INTDIR=\"Debug\"" /D _MBCS /Gm- /RTC1 /MDd /GS /fp:precise /Zc:wchar_t /Zc:forScope /Zc:inline /Fo"cmTC_b885e.dir\Debug\\" /Fd"cmTC_b885e.dir\Debug\vc140.pdb" /Gd /TC /errorReport:queue "C:\Program Files\CMake\share\cmake-3.7\Modules\CheckFunctionExists.c"
  Microsoft (R) C/C++ Optimizing Compiler Version 19.00.24213.1 for x64
  Copyright (C) Microsoft Corporation.  All rights reserved.
  
  cl /c /Zi /W3 /WX- /Od /Ob0 /D WIN32 /D _WINDOWS /D CHECK_FUNCTION_EXISTS=gettimeofday /D _DEBUG /D "CMAKE_INTDIR=\"Debug\"" /D _MBCS /Gm- /RTC1 /MDd /GS /fp:precise /Zc:wchar_t /Zc:forScope /Zc:inline /Fo"cmTC_b885e.dir\Debug\\" /Fd"cmTC_b885e.dir\Debug\vc140.pdb" /Gd /TC /errorReport:queue "C:\Program Files\CMake\share\cmake-3.7\Modules\CheckFunctionExists.c"
  
  CheckFunctionExists.c
Link:
  C:\Program Files (x86)\Microsoft Visual Studio 14.0\VC\bin\x86_amd64\link.exe /ERRORREPORT:QUEUE /OUT:"D:\Danny\SignalGarden\ElectrolyteThirdParty\MIT\jansson\build\CMakeFiles\CMakeTmp\Debug\cmTC_b885e.exe" /INCREMENTAL /NOLOGO kernel32.lib user32.lib gdi32.lib winspool.lib shell32.lib ole32.lib oleaut32.lib uuid.lib comdlg32.lib advapi32.lib /MANIFEST /MANIFESTUAC:"level='asInvoker' uiAccess='false'" /manifest:embed /DEBUG /PDB:"D:/Danny/SignalGarden/ElectrolyteThirdParty/MIT/jansson/build/CMakeFiles/CMakeTmp/Debug/cmTC_b885e.pdb" /SUBSYSTEM:CONSOLE /TLBID:1 /DYNAMICBASE /NXCOMPAT /IMPLIB:"D:/Danny/SignalGarden/ElectrolyteThirdParty/MIT/jansson/build/CMakeFiles/CMakeTmp/Debug/cmTC_b885e.lib" /MACHINE:X64  /machine:x64 cmTC_b885e.dir\Debug\CheckFunctionExists.obj
CheckFunctionExists.obj : error LNK2019: unresolved external symbol gettimeofday referenced in function main [D:\Danny\SignalGarden\ElectrolyteThirdParty\MIT\jansson\build\CMakeFiles\CMakeTmp\cmTC_b885e.vcxproj]
D:\Danny\SignalGarden\ElectrolyteThirdParty\MIT\jansson\build\CMakeFiles\CMakeTmp\Debug\cmTC_b885e.exe : fatal error LNK1120: 1 unresolved externals [D:\Danny\SignalGarden\ElectrolyteThirdParty\MIT\jansson\build\CMakeFiles\CMakeTmp\cmTC_b885e.vcxproj]
Done Building Project "D:\Danny\SignalGarden\ElectrolyteThirdParty\MIT\jansson\build\CMakeFiles\CMakeTmp\cmTC_b885e.vcxproj" (default targets) -- FAILED.

Build FAILED.

"D:\Danny\SignalGarden\ElectrolyteThirdParty\MIT\jansson\build\CMakeFiles\CMakeTmp\cmTC_b885e.vcxproj" (default target) (1) ->
(Link target) -> 
  CheckFunctionExists.obj : error LNK2019: unresolved external symbol gettimeofday referenced in function main [D:\Danny\SignalGarden\ElectrolyteThirdParty\MIT\jansson\build\CMakeFiles\CMakeTmp\cmTC_b885e.vcxproj]
  D:\Danny\SignalGarden\ElectrolyteThirdParty\MIT\jansson\build\CMakeFiles\CMakeTmp\Debug\cmTC_b885e.exe : fatal error LNK1120: 1 unresolved externals [D:\Danny\SignalGarden\ElectrolyteThirdParty\MIT\jansson\build\CMakeFiles\CMakeTmp\cmTC_b885e.vcxproj]

    0 Warning(s)
    2 Error(s)

Time Elapsed 00:00:00.68


Determining if the function sched_yield exists failed with the following output:
Change Dir: D:/Danny/SignalGarden/ElectrolyteThirdParty/MIT/jansson/build/CMakeFiles/CMakeTmp

Run Build Command:"C:/Program Files (x86)/MSBuild/14.0/bin/MSBuild.exe" "cmTC_9bafb.vcxproj" "/p:Configuration=Debug" "/p:VisualStudioVersion=14.0"
Microsoft (R) Build Engine version 14.0.25420.1
Copyright (C) Microsoft Corporation. All rights reserved.

Build started 2/6/2017 11:15:31 PM.
The target "_ConvertPdbFiles" listed in a BeforeTargets attribute at "C:\Program Files (x86)\MSBuild\14.0\Microsoft.Common.targets\ImportAfter\Xamarin.Common.targets (34,37)" does not exist in the project, and will be ignored.
The target "_CollectPdbFiles" listed in an AfterTargets attribute at "C:\Program Files (x86)\MSBuild\14.0\Microsoft.Common.targets\ImportAfter\Xamarin.Common.targets (34,70)" does not exist in the project, and will be ignored.
The target "_CollectMdbFiles" listed in a BeforeTargets attribute at "C:\Program Files (x86)\MSBuild\14.0\Microsoft.Common.targets\ImportAfter\Xamarin.Common.targets (41,38)" does not exist in the project, and will be ignored.
The target "_CopyMdbFiles" listed in an AfterTargets attribute at "C:\Program Files (x86)\MSBuild\14.0\Microsoft.Common.targets\ImportAfter\Xamarin.Common.targets (41,71)" does not exist in the project, and will be ignored.
Project "D:\Danny\SignalGarden\ElectrolyteThirdParty\MIT\jansson\build\CMakeFiles\CMakeTmp\cmTC_9bafb.vcxproj" on node 1 (default targets).
PrepareForBuild:
  Creating directory "cmTC_9bafb.dir\Debug\".
  Creating directory "D:\Danny\SignalGarden\ElectrolyteThirdParty\MIT\jansson\build\CMakeFiles\CMakeTmp\Debug\".
  Creating directory "cmTC_9bafb.dir\Debug\cmTC_9bafb.tlog\".
InitializeBuildStatus:
  Creating "cmTC_9bafb.dir\Debug\cmTC_9bafb.tlog\unsuccessfulbuild" because "AlwaysCreate" was specified.
ClCompile:
  C:\Program Files (x86)\Microsoft Visual Studio 14.0\VC\bin\x86_amd64\CL.exe /c /Zi /W3 /WX- /Od /Ob0 /D WIN32 /D _WINDOWS /D CHECK_FUNCTION_EXISTS=sched_yield /D _DEBUG /D "CMAKE_INTDIR=\"Debug\"" /D _MBCS /Gm- /RTC1 /MDd /GS /fp:precise /Zc:wchar_t /Zc:forScope /Zc:inline /Fo"cmTC_9bafb.dir\Debug\\" /Fd"cmTC_9bafb.dir\Debug\vc140.pdb" /Gd /TC /errorReport:queue "C:\Program Files\CMake\share\cmake-3.7\Modules\CheckFunctionExists.c"
  Microsoft (R) C/C++ Optimizing Compiler Version 19.00.24213.1 for x64
  Copyright (C) Microsoft Corporation.  All rights reserved.
  
  cl /c /Zi /W3 /WX- /Od /Ob0 /D WIN32 /D _WINDOWS /D CHECK_FUNCTION_EXISTS=sched_yield /D _DEBUG /D "CMAKE_INTDIR=\"Debug\"" /D _MBCS /Gm- /RTC1 /MDd /GS /fp:precise /Zc:wchar_t /Zc:forScope /Zc:inline /Fo"cmTC_9bafb.dir\Debug\\" /Fd"cmTC_9bafb.dir\Debug\vc140.pdb" /Gd /TC /errorReport:queue "C:\Program Files\CMake\share\cmake-3.7\Modules\CheckFunctionExists.c"
  
  CheckFunctionExists.c
Link:
  C:\Program Files (x86)\Microsoft Visual Studio 14.0\VC\bin\x86_amd64\link.exe /ERRORREPORT:QUEUE /OUT:"D:\Danny\SignalGarden\ElectrolyteThirdParty\MIT\jansson\build\CMakeFiles\CMakeTmp\Debug\cmTC_9bafb.exe" /INCREMENTAL /NOLOGO kernel32.lib user32.lib gdi32.lib winspool.lib shell32.lib ole32.lib oleaut32.lib uuid.lib comdlg32.lib advapi32.lib /MANIFEST /MANIFESTUAC:"level='asInvoker' uiAccess='false'" /manifest:embed /DEBUG /PDB:"D:/Danny/SignalGarden/ElectrolyteThirdParty/MIT/jansson/build/CMakeFiles/CMakeTmp/Debug/cmTC_9bafb.pdb" /SUBSYSTEM:CONSOLE /TLBID:1 /DYNAMICBASE /NXCOMPAT /IMPLIB:"D:/Danny/SignalGarden/ElectrolyteThirdParty/MIT/jansson/build/CMakeFiles/CMakeTmp/Debug/cmTC_9bafb.lib" /MACHINE:X64  /machine:x64 cmTC_9bafb.dir\Debug\CheckFunctionExists.obj
CheckFunctionExists.obj : error LNK2019: unresolved external symbol sched_yield referenced in function main [D:\Danny\SignalGarden\ElectrolyteThirdParty\MIT\jansson\build\CMakeFiles\CMakeTmp\cmTC_9bafb.vcxproj]
D:\Danny\SignalGarden\ElectrolyteThirdParty\MIT\jansson\build\CMakeFiles\CMakeTmp\Debug\cmTC_9bafb.exe : fatal error LNK1120: 1 unresolved externals [D:\Danny\SignalGarden\ElectrolyteThirdParty\MIT\jansson\build\CMakeFiles\CMakeTmp\cmTC_9bafb.vcxproj]
Done Building Project "D:\Danny\SignalGarden\ElectrolyteThirdParty\MIT\jansson\build\CMakeFiles\CMakeTmp\cmTC_9bafb.vcxproj" (default targets) -- FAILED.

Build FAILED.

"D:\Danny\SignalGarden\ElectrolyteThirdParty\MIT\jansson\build\CMakeFiles\CMakeTmp\cmTC_9bafb.vcxproj" (default target) (1) ->
(Link target) -> 
  CheckFunctionExists.obj : error LNK2019: unresolved external symbol sched_yield referenced in function main [D:\Danny\SignalGarden\ElectrolyteThirdParty\MIT\jansson\build\CMakeFiles\CMakeTmp\cmTC_9bafb.vcxproj]
  D:\Danny\SignalGarden\ElectrolyteThirdParty\MIT\jansson\build\CMakeFiles\CMakeTmp\Debug\cmTC_9bafb.exe : fatal error LNK1120: 1 unresolved externals [D:\Danny\SignalGarden\ElectrolyteThirdParty\MIT\jansson\build\CMakeFiles\CMakeTmp\cmTC_9bafb.vcxproj]

    0 Warning(s)
    2 Error(s)

Time Elapsed 00:00:00.73


Determining size of __uint32 failed with the following output:
Change Dir: D:/Danny/SignalGarden/ElectrolyteThirdParty/MIT/jansson/build/CMakeFiles/CMakeTmp

Run Build Command:"C:/Program Files (x86)/MSBuild/14.0/bin/MSBuild.exe" "cmTC_41395.vcxproj" "/p:Configuration=Debug" "/p:VisualStudioVersion=14.0"
Microsoft (R) Build Engine version 14.0.25420.1
Copyright (C) Microsoft Corporation. All rights reserved.

Build started 2/6/2017 11:15:45 PM.
The target "_ConvertPdbFiles" listed in a BeforeTargets attribute at "C:\Program Files (x86)\MSBuild\14.0\Microsoft.Common.targets\ImportAfter\Xamarin.Common.targets (34,37)" does not exist in the project, and will be ignored.
The target "_CollectPdbFiles" listed in an AfterTargets attribute at "C:\Program Files (x86)\MSBuild\14.0\Microsoft.Common.targets\ImportAfter\Xamarin.Common.targets (34,70)" does not exist in the project, and will be ignored.
The target "_CollectMdbFiles" listed in a BeforeTargets attribute at "C:\Program Files (x86)\MSBuild\14.0\Microsoft.Common.targets\ImportAfter\Xamarin.Common.targets (41,38)" does not exist in the project, and will be ignored.
The target "_CopyMdbFiles" listed in an AfterTargets attribute at "C:\Program Files (x86)\MSBuild\14.0\Microsoft.Common.targets\ImportAfter\Xamarin.Common.targets (41,71)" does not exist in the project, and will be ignored.
Project "D:\Danny\SignalGarden\ElectrolyteThirdParty\MIT\jansson\build\CMakeFiles\CMakeTmp\cmTC_41395.vcxproj" on node 1 (default targets).
PrepareForBuild:
  Creating directory "cmTC_41395.dir\Debug\".
  Creating directory "D:\Danny\SignalGarden\ElectrolyteThirdParty\MIT\jansson\build\CMakeFiles\CMakeTmp\Debug\".
  Creating directory "cmTC_41395.dir\Debug\cmTC_41395.tlog\".
InitializeBuildStatus:
  Creating "cmTC_41395.dir\Debug\cmTC_41395.tlog\unsuccessfulbuild" because "AlwaysCreate" was specified.
ClCompile:
  C:\Program Files (x86)\Microsoft Visual Studio 14.0\VC\bin\x86_amd64\CL.exe /c /Zi /W3 /WX- /Od /Ob0 /D WIN32 /D _WINDOWS /D _DEBUG /D "CMAKE_INTDIR=\"Debug\"" /D _MBCS /Gm- /RTC1 /MDd /GS /fp:precise /Zc:wchar_t /Zc:forScope /Zc:inline /Fo"cmTC_41395.dir\Debug\\" /Fd"cmTC_41395.dir\Debug\vc140.pdb" /Gd /TC /errorReport:queue D:\Danny\SignalGarden\ElectrolyteThirdParty\MIT\jansson\build\CMakeFiles\CheckTypeSize\__UINT32.c
  Microsoft (R) C/C++ Optimizing Compiler Version 19.00.24213.1 for x64
  Copyright (C) Microsoft Corporation.  All rights reserved.
  
  cl /c /Zi /W3 /WX- /Od /Ob0 /D WIN32 /D _WINDOWS /D _DEBUG /D "CMAKE_INTDIR=\"Debug\"" /D _MBCS /Gm- /RTC1 /MDd /GS /fp:precise /Zc:wchar_t /Zc:forScope /Zc:inline /Fo"cmTC_41395.dir\Debug\\" /Fd"cmTC_41395.dir\Debug\vc140.pdb" /Gd /TC /errorReport:queue D:\Danny\SignalGarden\ElectrolyteThirdParty\MIT\jansson\build\CMakeFiles\CheckTypeSize\__UINT32.c
  
  __UINT32.c
D:\Danny\SignalGarden\ElectrolyteThirdParty\MIT\jansson\build\CMakeFiles\CheckTypeSize\__UINT32.c(18): error C2065: '__uint32': undeclared identifier [D:\Danny\SignalGarden\ElectrolyteThirdParty\MIT\jansson\build\CMakeFiles\CMakeTmp\cmTC_41395.vcxproj]
D:\Danny\SignalGarden\ElectrolyteThirdParty\MIT\jansson\build\CMakeFiles\CheckTypeSize\__UINT32.c(19): error C2065: '__uint32': undeclared identifier [D:\Danny\SignalGarden\ElectrolyteThirdParty\MIT\jansson\build\CMakeFiles\CMakeTmp\cmTC_41395.vcxproj]
D:\Danny\SignalGarden\ElectrolyteThirdParty\MIT\jansson\build\CMakeFiles\CheckTypeSize\__UINT32.c(20): error C2065: '__uint32': undeclared identifier [D:\Danny\SignalGarden\ElectrolyteThirdParty\MIT\jansson\build\CMakeFiles\CMakeTmp\cmTC_41395.vcxproj]
D:\Danny\SignalGarden\ElectrolyteThirdParty\MIT\jansson\build\CMakeFiles\CheckTypeSize\__UINT32.c(21): error C2065: '__uint32': undeclared identifier [D:\Danny\SignalGarden\ElectrolyteThirdParty\MIT\jansson\build\CMakeFiles\CMakeTmp\cmTC_41395.vcxproj]
D:\Danny\SignalGarden\ElectrolyteThirdParty\MIT\jansson\build\CMakeFiles\CheckTypeSize\__UINT32.c(22): error C2065: '__uint32': undeclared identifier [D:\Danny\SignalGarden\ElectrolyteThirdParty\MIT\jansson\build\CMakeFiles\CMakeTmp\cmTC_41395.vcxproj]
Done Building Project "D:\Danny\SignalGarden\ElectrolyteThirdParty\MIT\jansson\build\CMakeFiles\CMakeTmp\cmTC_41395.vcxproj" (default targets) -- FAILED.

Build FAILED.

"D:\Danny\SignalGarden\ElectrolyteThirdParty\MIT\jansson\build\CMakeFiles\CMakeTmp\cmTC_41395.vcxproj" (default target) (1) ->
(ClCompile target) -> 
  D:\Danny\SignalGarden\ElectrolyteThirdParty\MIT\jansson\build\CMakeFiles\CheckTypeSize\__UINT32.c(18): error C2065: '__uint32': undeclared identifier [D:\Danny\SignalGarden\ElectrolyteThirdParty\MIT\jansson\build\CMakeFiles\CMakeTmp\cmTC_41395.vcxproj]
  D:\Danny\SignalGarden\ElectrolyteThirdParty\MIT\jansson\build\CMakeFiles\CheckTypeSize\__UINT32.c(19): error C2065: '__uint32': undeclared identifier [D:\Danny\SignalGarden\ElectrolyteThirdParty\MIT\jansson\build\CMakeFiles\CMakeTmp\cmTC_41395.vcxproj]
  D:\Danny\SignalGarden\ElectrolyteThirdParty\MIT\jansson\build\CMakeFiles\CheckTypeSize\__UINT32.c(20): error C2065: '__uint32': undeclared identifier [D:\Danny\SignalGarden\ElectrolyteThirdParty\MIT\jansson\build\CMakeFiles\CMakeTmp\cmTC_41395.vcxproj]
  D:\Danny\SignalGarden\ElectrolyteThirdParty\MIT\jansson\build\CMakeFiles\CheckTypeSize\__UINT32.c(21): error C2065: '__uint32': undeclared identifier [D:\Danny\SignalGarden\ElectrolyteThirdParty\MIT\jansson\build\CMakeFiles\CMakeTmp\cmTC_41395.vcxproj]
  D:\Danny\SignalGarden\ElectrolyteThirdParty\MIT\jansson\build\CMakeFiles\CheckTypeSize\__UINT32.c(22): error C2065: '__uint32': undeclared identifier [D:\Danny\SignalGarden\ElectrolyteThirdParty\MIT\jansson\build\CMakeFiles\CMakeTmp\cmTC_41395.vcxproj]

    0 Warning(s)
    5 Error(s)

Time Elapsed 00:00:00.43

D:/Danny/SignalGarden/ElectrolyteThirdParty/MIT/jansson/build/CMakeFiles/CheckTypeSize/__UINT32.c:
#include <stdint.h>
#include <stddef.h>


#undef KEY
#if defined(__i386)
# define KEY '_','_','i','3','8','6'
#elif defined(__x86_64)
# define KEY '_','_','x','8','6','_','6','4'
#elif defined(__ppc__)
# define KEY '_','_','p','p','c','_','_'
#elif defined(__ppc64__)
# define KEY '_','_','p','p','c','6','4','_','_'
#endif

#define SIZE (sizeof(__uint32))
char info_size[] =  {'I', 'N', 'F', 'O', ':', 's','i','z','e','[',
  ('0' + ((SIZE / 10000)%10)),
  ('0' + ((SIZE / 1000)%10)),
  ('0' + ((SIZE / 100)%10)),
  ('0' + ((SIZE / 10)%10)),
  ('0' +  (SIZE    % 10)),
  ']',
#ifdef KEY
  ' ','k','e','y','[', KEY, ']',
#endif
  '\0'};

#ifdef __CLASSIC_C__
int main(argc, argv) int argc; char *argv[];
#else
int main(int argc, char *argv[])
#endif
{
  int require = 0;
  require += info_size[argc];
  (void)argv;
  return require;
}


Determining size of __uint16 failed with the following output:
Change Dir: D:/Danny/SignalGarden/ElectrolyteThirdParty/MIT/jansson/build/CMakeFiles/CMakeTmp

Run Build Command:"C:/Program Files (x86)/MSBuild/14.0/bin/MSBuild.exe" "cmTC_5594c.vcxproj" "/p:Configuration=Debug" "/p:VisualStudioVersion=14.0"
Microsoft (R) Build Engine version 14.0.25420.1
Copyright (C) Microsoft Corporation. All rights reserved.

Build started 2/6/2017 11:15:47 PM.
The target "_ConvertPdbFiles" listed in a BeforeTargets attribute at "C:\Program Files (x86)\MSBuild\14.0\Microsoft.Common.targets\ImportAfter\Xamarin.Common.targets (34,37)" does not exist in the project, and will be ignored.
The target "_CollectPdbFiles" listed in an AfterTargets attribute at "C:\Program Files (x86)\MSBuild\14.0\Microsoft.Common.targets\ImportAfter\Xamarin.Common.targets (34,70)" does not exist in the project, and will be ignored.
The target "_CollectMdbFiles" listed in a BeforeTargets attribute at "C:\Program Files (x86)\MSBuild\14.0\Microsoft.Common.targets\ImportAfter\Xamarin.Common.targets (41,38)" does not exist in the project, and will be ignored.
The target "_CopyMdbFiles" listed in an AfterTargets attribute at "C:\Program Files (x86)\MSBuild\14.0\Microsoft.Common.targets\ImportAfter\Xamarin.Common.targets (41,71)" does not exist in the project, and will be ignored.
Project "D:\Danny\SignalGarden\ElectrolyteThirdParty\MIT\jansson\build\CMakeFiles\CMakeTmp\cmTC_5594c.vcxproj" on node 1 (default targets).
PrepareForBuild:
  Creating directory "cmTC_5594c.dir\Debug\".
  Creating directory "D:\Danny\SignalGarden\ElectrolyteThirdParty\MIT\jansson\build\CMakeFiles\CMakeTmp\Debug\".
  Creating directory "cmTC_5594c.dir\Debug\cmTC_5594c.tlog\".
InitializeBuildStatus:
  Creating "cmTC_5594c.dir\Debug\cmTC_5594c.tlog\unsuccessfulbuild" because "AlwaysCreate" was specified.
ClCompile:
  C:\Program Files (x86)\Microsoft Visual Studio 14.0\VC\bin\x86_amd64\CL.exe /c /Zi /W3 /WX- /Od /Ob0 /D WIN32 /D _WINDOWS /D _DEBUG /D "CMAKE_INTDIR=\"Debug\"" /D _MBCS /Gm- /RTC1 /MDd /GS /fp:precise /Zc:wchar_t /Zc:forScope /Zc:inline /Fo"cmTC_5594c.dir\Debug\\" /Fd"cmTC_5594c.dir\Debug\vc140.pdb" /Gd /TC /errorReport:queue D:\Danny\SignalGarden\ElectrolyteThirdParty\MIT\jansson\build\CMakeFiles\CheckTypeSize\__UINT16.c
  Microsoft (R) C/C++ Optimizing Compiler Version 19.00.24213.1 for x64
  Copyright (C) Microsoft Corporation.  All rights reserved.
  
  cl /c /Zi /W3 /WX- /Od /Ob0 /D WIN32 /D _WINDOWS /D _DEBUG /D "CMAKE_INTDIR=\"Debug\"" /D _MBCS /Gm- /RTC1 /MDd /GS /fp:precise /Zc:wchar_t /Zc:forScope /Zc:inline /Fo"cmTC_5594c.dir\Debug\\" /Fd"cmTC_5594c.dir\Debug\vc140.pdb" /Gd /TC /errorReport:queue D:\Danny\SignalGarden\ElectrolyteThirdParty\MIT\jansson\build\CMakeFiles\CheckTypeSize\__UINT16.c
  
  __UINT16.c
D:\Danny\SignalGarden\ElectrolyteThirdParty\MIT\jansson\build\CMakeFiles\CheckTypeSize\__UINT16.c(18): error C2065: '__uint16': undeclared identifier [D:\Danny\SignalGarden\ElectrolyteThirdParty\MIT\jansson\build\CMakeFiles\CMakeTmp\cmTC_5594c.vcxproj]
D:\Danny\SignalGarden\ElectrolyteThirdParty\MIT\jansson\build\CMakeFiles\CheckTypeSize\__UINT16.c(19): error C2065: '__uint16': undeclared identifier [D:\Danny\SignalGarden\ElectrolyteThirdParty\MIT\jansson\build\CMakeFiles\CMakeTmp\cmTC_5594c.vcxproj]
D:\Danny\SignalGarden\ElectrolyteThirdParty\MIT\jansson\build\CMakeFiles\CheckTypeSize\__UINT16.c(20): error C2065: '__uint16': undeclared identifier [D:\Danny\SignalGarden\ElectrolyteThirdParty\MIT\jansson\build\CMakeFiles\CMakeTmp\cmTC_5594c.vcxproj]
D:\Danny\SignalGarden\ElectrolyteThirdParty\MIT\jansson\build\CMakeFiles\CheckTypeSize\__UINT16.c(21): error C2065: '__uint16': undeclared identifier [D:\Danny\SignalGarden\ElectrolyteThirdParty\MIT\jansson\build\CMakeFiles\CMakeTmp\cmTC_5594c.vcxproj]
D:\Danny\SignalGarden\ElectrolyteThirdParty\MIT\jansson\build\CMakeFiles\CheckTypeSize\__UINT16.c(22): error C2065: '__uint16': undeclared identifier [D:\Danny\SignalGarden\ElectrolyteThirdParty\MIT\jansson\build\CMakeFiles\CMakeTmp\cmTC_5594c.vcxproj]
Done Building Project "D:\Danny\SignalGarden\ElectrolyteThirdParty\MIT\jansson\build\CMakeFiles\CMakeTmp\cmTC_5594c.vcxproj" (default targets) -- FAILED.

Build FAILED.

"D:\Danny\SignalGarden\ElectrolyteThirdParty\MIT\jansson\build\CMakeFiles\CMakeTmp\cmTC_5594c.vcxproj" (default target) (1) ->
(ClCompile target) -> 
  D:\Danny\SignalGarden\ElectrolyteThirdParty\MIT\jansson\build\CMakeFiles\CheckTypeSize\__UINT16.c(18): error C2065: '__uint16': undeclared identifier [D:\Danny\SignalGarden\ElectrolyteThirdParty\MIT\jansson\build\CMakeFiles\CMakeTmp\cmTC_5594c.vcxproj]
  D:\Danny\SignalGarden\ElectrolyteThirdParty\MIT\jansson\build\CMakeFiles\CheckTypeSize\__UINT16.c(19): error C2065: '__uint16': undeclared identifier [D:\Danny\SignalGarden\ElectrolyteThirdParty\MIT\jansson\build\CMakeFiles\CMakeTmp\cmTC_5594c.vcxproj]
  D:\Danny\SignalGarden\ElectrolyteThirdParty\MIT\jansson\build\CMakeFiles\CheckTypeSize\__UINT16.c(20): error C2065: '__uint16': undeclared identifier [D:\Danny\SignalGarden\ElectrolyteThirdParty\MIT\jansson\build\CMakeFiles\CMakeTmp\cmTC_5594c.vcxproj]
  D:\Danny\SignalGarden\ElectrolyteThirdParty\MIT\jansson\build\CMakeFiles\CheckTypeSize\__UINT16.c(21): error C2065: '__uint16': undeclared identifier [D:\Danny\SignalGarden\ElectrolyteThirdParty\MIT\jansson\build\CMakeFiles\CMakeTmp\cmTC_5594c.vcxproj]
  D:\Danny\SignalGarden\ElectrolyteThirdParty\MIT\jansson\build\CMakeFiles\CheckTypeSize\__UINT16.c(22): error C2065: '__uint16': undeclared identifier [D:\Danny\SignalGarden\ElectrolyteThirdParty\MIT\jansson\build\CMakeFiles\CMakeTmp\cmTC_5594c.vcxproj]

    0 Warning(s)
    5 Error(s)

Time Elapsed 00:00:00.41

D:/Danny/SignalGarden/ElectrolyteThirdParty/MIT/jansson/build/CMakeFiles/CheckTypeSize/__UINT16.c:
#include <stdint.h>
#include <stddef.h>


#undef KEY
#if defined(__i386)
# define KEY '_','_','i','3','8','6'
#elif defined(__x86_64)
# define KEY '_','_','x','8','6','_','6','4'
#elif defined(__ppc__)
# define KEY '_','_','p','p','c','_','_'
#elif defined(__ppc64__)
# define KEY '_','_','p','p','c','6','4','_','_'
#endif

#define SIZE (sizeof(__uint16))
char info_size[] =  {'I', 'N', 'F', 'O', ':', 's','i','z','e','[',
  ('0' + ((SIZE / 10000)%10)),
  ('0' + ((SIZE / 1000)%10)),
  ('0' + ((SIZE / 100)%10)),
  ('0' + ((SIZE / 10)%10)),
  ('0' +  (SIZE    % 10)),
  ']',
#ifdef KEY
  ' ','k','e','y','[', KEY, ']',
#endif
  '\0'};

#ifdef __CLASSIC_C__
int main(argc, argv) int argc; char *argv[];
#else
int main(int argc, char *argv[])
#endif
{
  int require = 0;
  require += info_size[argc];
  (void)argv;
  return require;
}


Determining size of __uint8 failed with the following output:
Change Dir: D:/Danny/SignalGarden/ElectrolyteThirdParty/MIT/jansson/build/CMakeFiles/CMakeTmp

Run Build Command:"C:/Program Files (x86)/MSBuild/14.0/bin/MSBuild.exe" "cmTC_506fe.vcxproj" "/p:Configuration=Debug" "/p:VisualStudioVersion=14.0"
Microsoft (R) Build Engine version 14.0.25420.1
Copyright (C) Microsoft Corporation. All rights reserved.

Build started 2/6/2017 11:15:48 PM.
The target "_ConvertPdbFiles" listed in a BeforeTargets attribute at "C:\Program Files (x86)\MSBuild\14.0\Microsoft.Common.targets\ImportAfter\Xamarin.Common.targets (34,37)" does not exist in the project, and will be ignored.
The target "_CollectPdbFiles" listed in an AfterTargets attribute at "C:\Program Files (x86)\MSBuild\14.0\Microsoft.Common.targets\ImportAfter\Xamarin.Common.targets (34,70)" does not exist in the project, and will be ignored.
The target "_CollectMdbFiles" listed in a BeforeTargets attribute at "C:\Program Files (x86)\MSBuild\14.0\Microsoft.Common.targets\ImportAfter\Xamarin.Common.targets (41,38)" does not exist in the project, and will be ignored.
The target "_CopyMdbFiles" listed in an AfterTargets attribute at "C:\Program Files (x86)\MSBuild\14.0\Microsoft.Common.targets\ImportAfter\Xamarin.Common.targets (41,71)" does not exist in the project, and will be ignored.
Project "D:\Danny\SignalGarden\ElectrolyteThirdParty\MIT\jansson\build\CMakeFiles\CMakeTmp\cmTC_506fe.vcxproj" on node 1 (default targets).
PrepareForBuild:
  Creating directory "cmTC_506fe.dir\Debug\".
  Creating directory "D:\Danny\SignalGarden\ElectrolyteThirdParty\MIT\jansson\build\CMakeFiles\CMakeTmp\Debug\".
  Creating directory "cmTC_506fe.dir\Debug\cmTC_506fe.tlog\".
InitializeBuildStatus:
  Creating "cmTC_506fe.dir\Debug\cmTC_506fe.tlog\unsuccessfulbuild" because "AlwaysCreate" was specified.
ClCompile:
  C:\Program Files (x86)\Microsoft Visual Studio 14.0\VC\bin\x86_amd64\CL.exe /c /Zi /W3 /WX- /Od /Ob0 /D WIN32 /D _WINDOWS /D _DEBUG /D "CMAKE_INTDIR=\"Debug\"" /D _MBCS /Gm- /RTC1 /MDd /GS /fp:precise /Zc:wchar_t /Zc:forScope /Zc:inline /Fo"cmTC_506fe.dir\Debug\\" /Fd"cmTC_506fe.dir\Debug\vc140.pdb" /Gd /TC /errorReport:queue D:\Danny\SignalGarden\ElectrolyteThirdParty\MIT\jansson\build\CMakeFiles\CheckTypeSize\__UINT8.c
  Microsoft (R) C/C++ Optimizing Compiler Version 19.00.24213.1 for x64
  Copyright (C) Microsoft Corporation.  All rights reserved.
  
  cl /c /Zi /W3 /WX- /Od /Ob0 /D WIN32 /D _WINDOWS /D _DEBUG /D "CMAKE_INTDIR=\"Debug\"" /D _MBCS /Gm- /RTC1 /MDd /GS /fp:precise /Zc:wchar_t /Zc:forScope /Zc:inline /Fo"cmTC_506fe.dir\Debug\\" /Fd"cmTC_506fe.dir\Debug\vc140.pdb" /Gd /TC /errorReport:queue D:\Danny\SignalGarden\ElectrolyteThirdParty\MIT\jansson\build\CMakeFiles\CheckTypeSize\__UINT8.c
  
  __UINT8.c
D:\Danny\SignalGarden\ElectrolyteThirdParty\MIT\jansson\build\CMakeFiles\CheckTypeSize\__UINT8.c(18): error C2065: '__uint8': undeclared identifier [D:\Danny\SignalGarden\ElectrolyteThirdParty\MIT\jansson\build\CMakeFiles\CMakeTmp\cmTC_506fe.vcxproj]
D:\Danny\SignalGarden\ElectrolyteThirdParty\MIT\jansson\build\CMakeFiles\CheckTypeSize\__UINT8.c(19): error C2065: '__uint8': undeclared identifier [D:\Danny\SignalGarden\ElectrolyteThirdParty\MIT\jansson\build\CMakeFiles\CMakeTmp\cmTC_506fe.vcxproj]
D:\Danny\SignalGarden\ElectrolyteThirdParty\MIT\jansson\build\CMakeFiles\CheckTypeSize\__UINT8.c(20): error C2065: '__uint8': undeclared identifier [D:\Danny\SignalGarden\ElectrolyteThirdParty\MIT\jansson\build\CMakeFiles\CMakeTmp\cmTC_506fe.vcxproj]
D:\Danny\SignalGarden\ElectrolyteThirdParty\MIT\jansson\build\CMakeFiles\CheckTypeSize\__UINT8.c(21): error C2065: '__uint8': undeclared identifier [D:\Danny\SignalGarden\ElectrolyteThirdParty\MIT\jansson\build\CMakeFiles\CMakeTmp\cmTC_506fe.vcxproj]
D:\Danny\SignalGarden\ElectrolyteThirdParty\MIT\jansson\build\CMakeFiles\CheckTypeSize\__UINT8.c(22): error C2065: '__uint8': undeclared identifier [D:\Danny\SignalGarden\ElectrolyteThirdParty\MIT\jansson\build\CMakeFiles\CMakeTmp\cmTC_506fe.vcxproj]
Done Building Project "D:\Danny\SignalGarden\ElectrolyteThirdParty\MIT\jansson\build\CMakeFiles\CMakeTmp\cmTC_506fe.vcxproj" (default targets) -- FAILED.

Build FAILED.

"D:\Danny\SignalGarden\ElectrolyteThirdParty\MIT\jansson\build\CMakeFiles\CMakeTmp\cmTC_506fe.vcxproj" (default target) (1) ->
(ClCompile target) -> 
  D:\Danny\SignalGarden\ElectrolyteThirdParty\MIT\jansson\build\CMakeFiles\CheckTypeSize\__UINT8.c(18): error C2065: '__uint8': undeclared identifier [D:\Danny\SignalGarden\ElectrolyteThirdParty\MIT\jansson\build\CMakeFiles\CMakeTmp\cmTC_506fe.vcxproj]
  D:\Danny\SignalGarden\ElectrolyteThirdParty\MIT\jansson\build\CMakeFiles\CheckTypeSize\__UINT8.c(19): error C2065: '__uint8': undeclared identifier [D:\Danny\SignalGarden\ElectrolyteThirdParty\MIT\jansson\build\CMakeFiles\CMakeTmp\cmTC_506fe.vcxproj]
  D:\Danny\SignalGarden\ElectrolyteThirdParty\MIT\jansson\build\CMakeFiles\CheckTypeSize\__UINT8.c(20): error C2065: '__uint8': undeclared identifier [D:\Danny\SignalGarden\ElectrolyteThirdParty\MIT\jansson\build\CMakeFiles\CMakeTmp\cmTC_506fe.vcxproj]
  D:\Danny\SignalGarden\ElectrolyteThirdParty\MIT\jansson\build\CMakeFiles\CheckTypeSize\__UINT8.c(21): error C2065: '__uint8': undeclared identifier [D:\Danny\SignalGarden\ElectrolyteThirdParty\MIT\jansson\build\CMakeFiles\CMakeTmp\cmTC_506fe.vcxproj]
  D:\Danny\SignalGarden\ElectrolyteThirdParty\MIT\jansson\build\CMakeFiles\CheckTypeSize\__UINT8.c(22): error C2065: '__uint8': undeclared identifier [D:\Danny\SignalGarden\ElectrolyteThirdParty\MIT\jansson\build\CMakeFiles\CMakeTmp\cmTC_506fe.vcxproj]

    0 Warning(s)
    5 Error(s)

Time Elapsed 00:00:00.41

D:/Danny/SignalGarden/ElectrolyteThirdParty/MIT/jansson/build/CMakeFiles/CheckTypeSize/__UINT8.c:
#include <stdint.h>
#include <stddef.h>


#undef KEY
#if defined(__i386)
# define KEY '_','_','i','3','8','6'
#elif defined(__x86_64)
# define KEY '_','_','x','8','6','_','6','4'
#elif defined(__ppc__)
# define KEY '_','_','p','p','c','_','_'
#elif defined(__ppc64__)
# define KEY '_','_','p','p','c','6','4','_','_'
#endif

#define SIZE (sizeof(__uint8))
char info_size[] =  {'I', 'N', 'F', 'O', ':', 's','i','z','e','[',
  ('0' + ((SIZE / 10000)%10)),
  ('0' + ((SIZE / 1000)%10)),
  ('0' + ((SIZE / 100)%10)),
  ('0' + ((SIZE / 10)%10)),
  ('0' +  (SIZE    % 10)),
  ']',
#ifdef KEY
  ' ','k','e','y','[', KEY, ']',
#endif
  '\0'};

#ifdef __CLASSIC_C__
int main(argc, argv) int argc; char *argv[];
#else
int main(int argc, char *argv[])
#endif
{
  int require = 0;
  require += info_size[argc];
  (void)argv;
  return require;
}


Determining size of ssize_t failed with the following output:
Change Dir: D:/Danny/SignalGarden/ElectrolyteThirdParty/MIT/jansson/build/CMakeFiles/CMakeTmp

Run Build Command:"C:/Program Files (x86)/MSBuild/14.0/bin/MSBuild.exe" "cmTC_3838b.vcxproj" "/p:Configuration=Debug" "/p:VisualStudioVersion=14.0"
Microsoft (R) Build Engine version 14.0.25420.1
Copyright (C) Microsoft Corporation. All rights reserved.

Build started 2/6/2017 11:15:49 PM.
The target "_ConvertPdbFiles" listed in a BeforeTargets attribute at "C:\Program Files (x86)\MSBuild\14.0\Microsoft.Common.targets\ImportAfter\Xamarin.Common.targets (34,37)" does not exist in the project, and will be ignored.
The target "_CollectPdbFiles" listed in an AfterTargets attribute at "C:\Program Files (x86)\MSBuild\14.0\Microsoft.Common.targets\ImportAfter\Xamarin.Common.targets (34,70)" does not exist in the project, and will be ignored.
The target "_CollectMdbFiles" listed in a BeforeTargets attribute at "C:\Program Files (x86)\MSBuild\14.0\Microsoft.Common.targets\ImportAfter\Xamarin.Common.targets (41,38)" does not exist in the project, and will be ignored.
The target "_CopyMdbFiles" listed in an AfterTargets attribute at "C:\Program Files (x86)\MSBuild\14.0\Microsoft.Common.targets\ImportAfter\Xamarin.Common.targets (41,71)" does not exist in the project, and will be ignored.
Project "D:\Danny\SignalGarden\ElectrolyteThirdParty\MIT\jansson\build\CMakeFiles\CMakeTmp\cmTC_3838b.vcxproj" on node 1 (default targets).
PrepareForBuild:
  Creating directory "cmTC_3838b.dir\Debug\".
  Creating directory "D:\Danny\SignalGarden\ElectrolyteThirdParty\MIT\jansson\build\CMakeFiles\CMakeTmp\Debug\".
  Creating directory "cmTC_3838b.dir\Debug\cmTC_3838b.tlog\".
InitializeBuildStatus:
  Creating "cmTC_3838b.dir\Debug\cmTC_3838b.tlog\unsuccessfulbuild" because "AlwaysCreate" was specified.
ClCompile:
  C:\Program Files (x86)\Microsoft Visual Studio 14.0\VC\bin\x86_amd64\CL.exe /c /Zi /W3 /WX- /Od /Ob0 /D WIN32 /D _WINDOWS /D _DEBUG /D "CMAKE_INTDIR=\"Debug\"" /D _MBCS /Gm- /RTC1 /MDd /GS /fp:precise /Zc:wchar_t /Zc:forScope /Zc:inline /Fo"cmTC_3838b.dir\Debug\\" /Fd"cmTC_3838b.dir\Debug\vc140.pdb" /Gd /TC /errorReport:queue D:\Danny\SignalGarden\ElectrolyteThirdParty\MIT\jansson\build\CMakeFiles\CheckTypeSize\SSIZE_T.c
  Microsoft (R) C/C++ Optimizing Compiler Version 19.00.24213.1 for x64
  Copyright (C) Microsoft Corporation.  All rights reserved.
  
  cl /c /Zi /W3 /WX- /Od /Ob0 /D WIN32 /D _WINDOWS /D _DEBUG /D "CMAKE_INTDIR=\"Debug\"" /D _MBCS /Gm- /RTC1 /MDd /GS /fp:precise /Zc:wchar_t /Zc:forScope /Zc:inline /Fo"cmTC_3838b.dir\Debug\\" /Fd"cmTC_3838b.dir\Debug\vc140.pdb" /Gd /TC /errorReport:queue D:\Danny\SignalGarden\ElectrolyteThirdParty\MIT\jansson\build\CMakeFiles\CheckTypeSize\SSIZE_T.c
  
  SSIZE_T.c
D:\Danny\SignalGarden\ElectrolyteThirdParty\MIT\jansson\build\CMakeFiles\CheckTypeSize\SSIZE_T.c(18): error C2065: 'ssize_t': undeclared identifier [D:\Danny\SignalGarden\ElectrolyteThirdParty\MIT\jansson\build\CMakeFiles\CMakeTmp\cmTC_3838b.vcxproj]
D:\Danny\SignalGarden\ElectrolyteThirdParty\MIT\jansson\build\CMakeFiles\CheckTypeSize\SSIZE_T.c(19): error C2065: 'ssize_t': undeclared identifier [D:\Danny\SignalGarden\ElectrolyteThirdParty\MIT\jansson\build\CMakeFiles\CMakeTmp\cmTC_3838b.vcxproj]
D:\Danny\SignalGarden\ElectrolyteThirdParty\MIT\jansson\build\CMakeFiles\CheckTypeSize\SSIZE_T.c(20): error C2065: 'ssize_t': undeclared identifier [D:\Danny\SignalGarden\ElectrolyteThirdParty\MIT\jansson\build\CMakeFiles\CMakeTmp\cmTC_3838b.vcxproj]
D:\Danny\SignalGarden\ElectrolyteThirdParty\MIT\jansson\build\CMakeFiles\CheckTypeSize\SSIZE_T.c(21): error C2065: 'ssize_t': undeclared identifier [D:\Danny\SignalGarden\ElectrolyteThirdParty\MIT\jansson\build\CMakeFiles\CMakeTmp\cmTC_3838b.vcxproj]
D:\Danny\SignalGarden\ElectrolyteThirdParty\MIT\jansson\build\CMakeFiles\CheckTypeSize\SSIZE_T.c(22): error C2065: 'ssize_t': undeclared identifier [D:\Danny\SignalGarden\ElectrolyteThirdParty\MIT\jansson\build\CMakeFiles\CMakeTmp\cmTC_3838b.vcxproj]
Done Building Project "D:\Danny\SignalGarden\ElectrolyteThirdParty\MIT\jansson\build\CMakeFiles\CMakeTmp\cmTC_3838b.vcxproj" (default targets) -- FAILED.

Build FAILED.

"D:\Danny\SignalGarden\ElectrolyteThirdParty\MIT\jansson\build\CMakeFiles\CMakeTmp\cmTC_3838b.vcxproj" (default target) (1) ->
(ClCompile target) -> 
  D:\Danny\SignalGarden\ElectrolyteThirdParty\MIT\jansson\build\CMakeFiles\CheckTypeSize\SSIZE_T.c(18): error C2065: 'ssize_t': undeclared identifier [D:\Danny\SignalGarden\ElectrolyteThirdParty\MIT\jansson\build\CMakeFiles\CMakeTmp\cmTC_3838b.vcxproj]
  D:\Danny\SignalGarden\ElectrolyteThirdParty\MIT\jansson\build\CMakeFiles\CheckTypeSize\SSIZE_T.c(19): error C2065: 'ssize_t': undeclared identifier [D:\Danny\SignalGarden\ElectrolyteThirdParty\MIT\jansson\build\CMakeFiles\CMakeTmp\cmTC_3838b.vcxproj]
  D:\Danny\SignalGarden\ElectrolyteThirdParty\MIT\jansson\build\CMakeFiles\CheckTypeSize\SSIZE_T.c(20): error C2065: 'ssize_t': undeclared identifier [D:\Danny\SignalGarden\ElectrolyteThirdParty\MIT\jansson\build\CMakeFiles\CMakeTmp\cmTC_3838b.vcxproj]
  D:\Danny\SignalGarden\ElectrolyteThirdParty\MIT\jansson\build\CMakeFiles\CheckTypeSize\SSIZE_T.c(21): error C2065: 'ssize_t': undeclared identifier [D:\Danny\SignalGarden\ElectrolyteThirdParty\MIT\jansson\build\CMakeFiles\CMakeTmp\cmTC_3838b.vcxproj]
  D:\Danny\SignalGarden\ElectrolyteThirdParty\MIT\jansson\build\CMakeFiles\CheckTypeSize\SSIZE_T.c(22): error C2065: 'ssize_t': undeclared identifier [D:\Danny\SignalGarden\ElectrolyteThirdParty\MIT\jansson\build\CMakeFiles\CMakeTmp\cmTC_3838b.vcxproj]

    0 Warning(s)
    5 Error(s)

Time Elapsed 00:00:00.44

D:/Danny/SignalGarden/ElectrolyteThirdParty/MIT/jansson/build/CMakeFiles/CheckTypeSize/SSIZE_T.c:
#include <stdint.h>
#include <stddef.h>


#undef KEY
#if defined(__i386)
# define KEY '_','_','i','3','8','6'
#elif defined(__x86_64)
# define KEY '_','_','x','8','6','_','6','4'
#elif defined(__ppc__)
# define KEY '_','_','p','p','c','_','_'
#elif defined(__ppc64__)
# define KEY '_','_','p','p','c','6','4','_','_'
#endif

#define SIZE (sizeof(ssize_t))
char info_size[] =  {'I', 'N', 'F', 'O', ':', 's','i','z','e','[',
  ('0' + ((SIZE / 10000)%10)),
  ('0' + ((SIZE / 1000)%10)),
  ('0' + ((SIZE / 100)%10)),
  ('0' + ((SIZE / 10)%10)),
  ('0' +  (SIZE    % 10)),
  ']',
#ifdef KEY
  ' ','k','e','y','[', KEY, ']',
#endif
  '\0'};

#ifdef __CLASSIC_C__
int main(argc, argv) int argc; char *argv[];
#else
int main(int argc, char *argv[])
#endif
{
  int require = 0;
  require += info_size[argc];
  (void)argv;
  return require;
}


Determining size of SSIZE_T failed with the following output:
Change Dir: D:/Danny/SignalGarden/ElectrolyteThirdParty/MIT/jansson/build/CMakeFiles/CMakeTmp

Run Build Command:"C:/Program Files (x86)/MSBuild/14.0/bin/MSBuild.exe" "cmTC_80bd7.vcxproj" "/p:Configuration=Debug" "/p:VisualStudioVersion=14.0"
Microsoft (R) Build Engine version 14.0.25420.1
Copyright (C) Microsoft Corporation. All rights reserved.

Build started 2/6/2017 11:15:50 PM.
The target "_ConvertPdbFiles" listed in a BeforeTargets attribute at "C:\Program Files (x86)\MSBuild\14.0\Microsoft.Common.targets\ImportAfter\Xamarin.Common.targets (34,37)" does not exist in the project, and will be ignored.
The target "_CollectPdbFiles" listed in an AfterTargets attribute at "C:\Program Files (x86)\MSBuild\14.0\Microsoft.Common.targets\ImportAfter\Xamarin.Common.targets (34,70)" does not exist in the project, and will be ignored.
The target "_CollectMdbFiles" listed in a BeforeTargets attribute at "C:\Program Files (x86)\MSBuild\14.0\Microsoft.Common.targets\ImportAfter\Xamarin.Common.targets (41,38)" does not exist in the project, and will be ignored.
The target "_CopyMdbFiles" listed in an AfterTargets attribute at "C:\Program Files (x86)\MSBuild\14.0\Microsoft.Common.targets\ImportAfter\Xamarin.Common.targets (41,71)" does not exist in the project, and will be ignored.
Project "D:\Danny\SignalGarden\ElectrolyteThirdParty\MIT\jansson\build\CMakeFiles\CMakeTmp\cmTC_80bd7.vcxproj" on node 1 (default targets).
PrepareForBuild:
  Creating directory "cmTC_80bd7.dir\Debug\".
  Creating directory "D:\Danny\SignalGarden\ElectrolyteThirdParty\MIT\jansson\build\CMakeFiles\CMakeTmp\Debug\".
  Creating directory "cmTC_80bd7.dir\Debug\cmTC_80bd7.tlog\".
InitializeBuildStatus:
  Creating "cmTC_80bd7.dir\Debug\cmTC_80bd7.tlog\unsuccessfulbuild" because "AlwaysCreate" was specified.
ClCompile:
  C:\Program Files (x86)\Microsoft Visual Studio 14.0\VC\bin\x86_amd64\CL.exe /c /Zi /W3 /WX- /Od /Ob0 /D WIN32 /D _WINDOWS /D _DEBUG /D "CMAKE_INTDIR=\"Debug\"" /D _MBCS /Gm- /RTC1 /MDd /GS /fp:precise /Zc:wchar_t /Zc:forScope /Zc:inline /Fo"cmTC_80bd7.dir\Debug\\" /Fd"cmTC_80bd7.dir\Debug\vc140.pdb" /Gd /TC /errorReport:queue D:\Danny\SignalGarden\ElectrolyteThirdParty\MIT\jansson\build\CMakeFiles\CheckTypeSize\UPPERCASE_SSIZE_T.c
  Microsoft (R) C/C++ Optimizing Compiler Version 19.00.24213.1 for x64
  Copyright (C) Microsoft Corporation.  All rights reserved.
  
  cl /c /Zi /W3 /WX- /Od /Ob0 /D WIN32 /D _WINDOWS /D _DEBUG /D "CMAKE_INTDIR=\"Debug\"" /D _MBCS /Gm- /RTC1 /MDd /GS /fp:precise /Zc:wchar_t /Zc:forScope /Zc:inline /Fo"cmTC_80bd7.dir\Debug\\" /Fd"cmTC_80bd7.dir\Debug\vc140.pdb" /Gd /TC /errorReport:queue D:\Danny\SignalGarden\ElectrolyteThirdParty\MIT\jansson\build\CMakeFiles\CheckTypeSize\UPPERCASE_SSIZE_T.c
  
  UPPERCASE_SSIZE_T.c
D:\Danny\SignalGarden\ElectrolyteThirdParty\MIT\jansson\build\CMakeFiles\CheckTypeSize\UPPERCASE_SSIZE_T.c(18): error C2065: 'SSIZE_T': undeclared identifier [D:\Danny\SignalGarden\ElectrolyteThirdParty\MIT\jansson\build\CMakeFiles\CMakeTmp\cmTC_80bd7.vcxproj]
D:\Danny\SignalGarden\ElectrolyteThirdParty\MIT\jansson\build\CMakeFiles\CheckTypeSize\UPPERCASE_SSIZE_T.c(19): error C2065: 'SSIZE_T': undeclared identifier [D:\Danny\SignalGarden\ElectrolyteThirdParty\MIT\jansson\build\CMakeFiles\CMakeTmp\cmTC_80bd7.vcxproj]
D:\Danny\SignalGarden\ElectrolyteThirdParty\MIT\jansson\build\CMakeFiles\CheckTypeSize\UPPERCASE_SSIZE_T.c(20): error C2065: 'SSIZE_T': undeclared identifier [D:\Danny\SignalGarden\ElectrolyteThirdParty\MIT\jansson\build\CMakeFiles\CMakeTmp\cmTC_80bd7.vcxproj]
D:\Danny\SignalGarden\ElectrolyteThirdParty\MIT\jansson\build\CMakeFiles\CheckTypeSize\UPPERCASE_SSIZE_T.c(21): error C2065: 'SSIZE_T': undeclared identifier [D:\Danny\SignalGarden\ElectrolyteThirdParty\MIT\jansson\build\CMakeFiles\CMakeTmp\cmTC_80bd7.vcxproj]
D:\Danny\SignalGarden\ElectrolyteThirdParty\MIT\jansson\build\CMakeFiles\CheckTypeSize\UPPERCASE_SSIZE_T.c(22): error C2065: 'SSIZE_T': undeclared identifier [D:\Danny\SignalGarden\ElectrolyteThirdParty\MIT\jansson\build\CMakeFiles\CMakeTmp\cmTC_80bd7.vcxproj]
Done Building Project "D:\Danny\SignalGarden\ElectrolyteThirdParty\MIT\jansson\build\CMakeFiles\CMakeTmp\cmTC_80bd7.vcxproj" (default targets) -- FAILED.

Build FAILED.

"D:\Danny\SignalGarden\ElectrolyteThirdParty\MIT\jansson\build\CMakeFiles\CMakeTmp\cmTC_80bd7.vcxproj" (default target) (1) ->
(ClCompile target) -> 
  D:\Danny\SignalGarden\ElectrolyteThirdParty\MIT\jansson\build\CMakeFiles\CheckTypeSize\UPPERCASE_SSIZE_T.c(18): error C2065: 'SSIZE_T': undeclared identifier [D:\Danny\SignalGarden\ElectrolyteThirdParty\MIT\jansson\build\CMakeFiles\CMakeTmp\cmTC_80bd7.vcxproj]
  D:\Danny\SignalGarden\ElectrolyteThirdParty\MIT\jansson\build\CMakeFiles\CheckTypeSize\UPPERCASE_SSIZE_T.c(19): error C2065: 'SSIZE_T': undeclared identifier [D:\Danny\SignalGarden\ElectrolyteThirdParty\MIT\jansson\build\CMakeFiles\CMakeTmp\cmTC_80bd7.vcxproj]
  D:\Danny\SignalGarden\ElectrolyteThirdParty\MIT\jansson\build\CMakeFiles\CheckTypeSize\UPPERCASE_SSIZE_T.c(20): error C2065: 'SSIZE_T': undeclared identifier [D:\Danny\SignalGarden\ElectrolyteThirdParty\MIT\jansson\build\CMakeFiles\CMakeTmp\cmTC_80bd7.vcxproj]
  D:\Danny\SignalGarden\ElectrolyteThirdParty\MIT\jansson\build\CMakeFiles\CheckTypeSize\UPPERCASE_SSIZE_T.c(21): error C2065: 'SSIZE_T': undeclared identifier [D:\Danny\SignalGarden\ElectrolyteThirdParty\MIT\jansson\build\CMakeFiles\CMakeTmp\cmTC_80bd7.vcxproj]
  D:\Danny\SignalGarden\ElectrolyteThirdParty\MIT\jansson\build\CMakeFiles\CheckTypeSize\UPPERCASE_SSIZE_T.c(22): error C2065: 'SSIZE_T': undeclared identifier [D:\Danny\SignalGarden\ElectrolyteThirdParty\MIT\jansson\build\CMakeFiles\CMakeTmp\cmTC_80bd7.vcxproj]

    0 Warning(s)
    5 Error(s)

Time Elapsed 00:00:00.42

D:/Danny/SignalGarden/ElectrolyteThirdParty/MIT/jansson/build/CMakeFiles/CheckTypeSize/UPPERCASE_SSIZE_T.c:
#include <stdint.h>
#include <stddef.h>


#undef KEY
#if defined(__i386)
# define KEY '_','_','i','3','8','6'
#elif defined(__x86_64)
# define KEY '_','_','x','8','6','_','6','4'
#elif defined(__ppc__)
# define KEY '_','_','p','p','c','_','_'
#elif defined(__ppc64__)
# define KEY '_','_','p','p','c','6','4','_','_'
#endif

#define SIZE (sizeof(SSIZE_T))
char info_size[] =  {'I', 'N', 'F', 'O', ':', 's','i','z','e','[',
  ('0' + ((SIZE / 10000)%10)),
  ('0' + ((SIZE / 1000)%10)),
  ('0' + ((SIZE / 100)%10)),
  ('0' + ((SIZE / 10)%10)),
  ('0' +  (SIZE    % 10)),
  ']',
#ifdef KEY
  ' ','k','e','y','[', KEY, ']',
#endif
  '\0'};

#ifdef __CLASSIC_C__
int main(argc, argv) int argc; char *argv[];
#else
int main(int argc, char *argv[])
#endif
{
  int require = 0;
  require += info_size[argc];
  (void)argv;
  return require;
}


Determining if the function strtoq exists failed with the following output:
Change Dir: D:/Danny/SignalGarden/ElectrolyteThirdParty/MIT/jansson/build/CMakeFiles/CMakeTmp

Run Build Command:"C:/Program Files (x86)/MSBuild/14.0/bin/MSBuild.exe" "cmTC_e4610.vcxproj" "/p:Configuration=Debug" "/p:VisualStudioVersion=14.0"
Microsoft (R) Build Engine version 14.0.25420.1
Copyright (C) Microsoft Corporation. All rights reserved.

Build started 2/6/2017 11:15:51 PM.
The target "_ConvertPdbFiles" listed in a BeforeTargets attribute at "C:\Program Files (x86)\MSBuild\14.0\Microsoft.Common.targets\ImportAfter\Xamarin.Common.targets (34,37)" does not exist in the project, and will be ignored.
The target "_CollectPdbFiles" listed in an AfterTargets attribute at "C:\Program Files (x86)\MSBuild\14.0\Microsoft.Common.targets\ImportAfter\Xamarin.Common.targets (34,70)" does not exist in the project, and will be ignored.
The target "_CollectMdbFiles" listed in a BeforeTargets attribute at "C:\Program Files (x86)\MSBuild\14.0\Microsoft.Common.targets\ImportAfter\Xamarin.Common.targets (41,38)" does not exist in the project, and will be ignored.
The target "_CopyMdbFiles" listed in an AfterTargets attribute at "C:\Program Files (x86)\MSBuild\14.0\Microsoft.Common.targets\ImportAfter\Xamarin.Common.targets (41,71)" does not exist in the project, and will be ignored.
Project "D:\Danny\SignalGarden\ElectrolyteThirdParty\MIT\jansson\build\CMakeFiles\CMakeTmp\cmTC_e4610.vcxproj" on node 1 (default targets).
PrepareForBuild:
  Creating directory "cmTC_e4610.dir\Debug\".
  Creating directory "D:\Danny\SignalGarden\ElectrolyteThirdParty\MIT\jansson\build\CMakeFiles\CMakeTmp\Debug\".
  Creating directory "cmTC_e4610.dir\Debug\cmTC_e4610.tlog\".
InitializeBuildStatus:
  Creating "cmTC_e4610.dir\Debug\cmTC_e4610.tlog\unsuccessfulbuild" because "AlwaysCreate" was specified.
ClCompile:
  C:\Program Files (x86)\Microsoft Visual Studio 14.0\VC\bin\x86_amd64\CL.exe /c /Zi /W3 /WX- /Od /Ob0 /D WIN32 /D _WINDOWS /D CHECK_FUNCTION_EXISTS=strtoq /D _DEBUG /D "CMAKE_INTDIR=\"Debug\"" /D _MBCS /Gm- /RTC1 /MDd /GS /fp:precise /Zc:wchar_t /Zc:forScope /Zc:inline /Fo"cmTC_e4610.dir\Debug\\" /Fd"cmTC_e4610.dir\Debug\vc140.pdb" /Gd /TC /errorReport:queue "C:\Program Files\CMake\share\cmake-3.7\Modules\CheckFunctionExists.c"
  Microsoft (R) C/C++ Optimizing Compiler Version 19.00.24213.1 for x64
  Copyright (C) Microsoft Corporation.  All rights reserved.
  
  cl /c /Zi /W3 /WX- /Od /Ob0 /D WIN32 /D _WINDOWS /D CHECK_FUNCTION_EXISTS=strtoq /D _DEBUG /D "CMAKE_INTDIR=\"Debug\"" /D _MBCS /Gm- /RTC1 /MDd /GS /fp:precise /Zc:wchar_t /Zc:forScope /Zc:inline /Fo"cmTC_e4610.dir\Debug\\" /Fd"cmTC_e4610.dir\Debug\vc140.pdb" /Gd /TC /errorReport:queue "C:\Program Files\CMake\share\cmake-3.7\Modules\CheckFunctionExists.c"
  
  CheckFunctionExists.c
Link:
  C:\Program Files (x86)\Microsoft Visual Studio 14.0\VC\bin\x86_amd64\link.exe /ERRORREPORT:QUEUE /OUT:"D:\Danny\SignalGarden\ElectrolyteThirdParty\MIT\jansson\build\CMakeFiles\CMakeTmp\Debug\cmTC_e4610.exe" /INCREMENTAL /NOLOGO kernel32.lib user32.lib gdi32.lib winspool.lib shell32.lib ole32.lib oleaut32.lib uuid.lib comdlg32.lib advapi32.lib /MANIFEST /MANIFESTUAC:"level='asInvoker' uiAccess='false'" /manifest:embed /DEBUG /PDB:"D:/Danny/SignalGarden/ElectrolyteThirdParty/MIT/jansson/build/CMakeFiles/CMakeTmp/Debug/cmTC_e4610.pdb" /SUBSYSTEM:CONSOLE /TLBID:1 /DYNAMICBASE /NXCOMPAT /IMPLIB:"D:/Danny/SignalGarden/ElectrolyteThirdParty/MIT/jansson/build/CMakeFiles/CMakeTmp/Debug/cmTC_e4610.lib" /MACHINE:X64  /machine:x64 cmTC_e4610.dir\Debug\CheckFunctionExists.obj
CheckFunctionExists.obj : error LNK2019: unresolved external symbol strtoq referenced in function main [D:\Danny\SignalGarden\ElectrolyteThirdParty\MIT\jansson\build\CMakeFiles\CMakeTmp\cmTC_e4610.vcxproj]
D:\Danny\SignalGarden\ElectrolyteThirdParty\MIT\jansson\build\CMakeFiles\CMakeTmp\Debug\cmTC_e4610.exe : fatal error LNK1120: 1 unresolved externals [D:\Danny\SignalGarden\ElectrolyteThirdParty\MIT\jansson\build\CMakeFiles\CMakeTmp\cmTC_e4610.vcxproj]
Done Building Project "D:\Danny\SignalGarden\ElectrolyteThirdParty\MIT\jansson\build\CMakeFiles\CMakeTmp\cmTC_e4610.vcxproj" (default targets) -- FAILED.

Build FAILED.

"D:\Danny\SignalGarden\ElectrolyteThirdParty\MIT\jansson\build\CMakeFiles\CMakeTmp\cmTC_e4610.vcxproj" (default target) (1) ->
(Link target) -> 
  CheckFunctionExists.obj : error LNK2019: unresolved external symbol strtoq referenced in function main [D:\Danny\SignalGarden\ElectrolyteThirdParty\MIT\jansson\build\CMakeFiles\CMakeTmp\cmTC_e4610.vcxproj]
  D:\Danny\SignalGarden\ElectrolyteThirdParty\MIT\jansson\build\CMakeFiles\CMakeTmp\Debug\cmTC_e4610.exe : fatal error LNK1120: 1 unresolved externals [D:\Danny\SignalGarden\ElectrolyteThirdParty\MIT\jansson\build\CMakeFiles\CMakeTmp\cmTC_e4610.vcxproj]

    0 Warning(s)
    2 Error(s)

Time Elapsed 00:00:00.66


Performing C SOURCE FILE Test HAVE___INLINE__ failed with the following output:
Change Dir: D:/Danny/SignalGarden/ElectrolyteThirdParty/MIT/jansson/build/CMakeFiles/CMakeTmp

Run Build Command:"C:/Program Files (x86)/MSBuild/14.0/bin/MSBuild.exe" "cmTC_ec3ad.vcxproj" "/p:Configuration=Debug" "/p:VisualStudioVersion=14.0"
Microsoft (R) Build Engine version 14.0.25420.1
Copyright (C) Microsoft Corporation. All rights reserved.

Build started 2/6/2017 11:15:58 PM.
The target "_ConvertPdbFiles" listed in a BeforeTargets attribute at "C:\Program Files (x86)\MSBuild\14.0\Microsoft.Common.targets\ImportAfter\Xamarin.Common.targets (34,37)" does not exist in the project, and will be ignored.
The target "_CollectPdbFiles" listed in an AfterTargets attribute at "C:\Program Files (x86)\MSBuild\14.0\Microsoft.Common.targets\ImportAfter\Xamarin.Common.targets (34,70)" does not exist in the project, and will be ignored.
The target "_CollectMdbFiles" listed in a BeforeTargets attribute at "C:\Program Files (x86)\MSBuild\14.0\Microsoft.Common.targets\ImportAfter\Xamarin.Common.targets (41,38)" does not exist in the project, and will be ignored.
The target "_CopyMdbFiles" listed in an AfterTargets attribute at "C:\Program Files (x86)\MSBuild\14.0\Microsoft.Common.targets\ImportAfter\Xamarin.Common.targets (41,71)" does not exist in the project, and will be ignored.
Project "D:\Danny\SignalGarden\ElectrolyteThirdParty\MIT\jansson\build\CMakeFiles\CMakeTmp\cmTC_ec3ad.vcxproj" on node 1 (default targets).
PrepareForBuild:
  Creating directory "cmTC_ec3ad.dir\Debug\".
  Creating directory "D:\Danny\SignalGarden\ElectrolyteThirdParty\MIT\jansson\build\CMakeFiles\CMakeTmp\Debug\".
  Creating directory "cmTC_ec3ad.dir\Debug\cmTC_ec3ad.tlog\".
InitializeBuildStatus:
  Creating "cmTC_ec3ad.dir\Debug\cmTC_ec3ad.tlog\unsuccessfulbuild" because "AlwaysCreate" was specified.
ClCompile:
  C:\Program Files (x86)\Microsoft Visual Studio 14.0\VC\bin\x86_amd64\CL.exe /c /Zi /W3 /WX- /Od /Ob0 /D WIN32 /D _WINDOWS /D HAVE___INLINE__ /D _DEBUG /D "CMAKE_INTDIR=\"Debug\"" /D _MBCS /Gm- /RTC1 /MDd /GS /fp:precise /Zc:wchar_t /Zc:forScope /Zc:inline /Fo"cmTC_ec3ad.dir\Debug\\" /Fd"cmTC_ec3ad.dir\Debug\vc140.pdb" /Gd /TC /errorReport:queue D:\Danny\SignalGarden\ElectrolyteThirdParty\MIT\jansson\build\CMakeFiles\CMakeTmp\src.c
  Microsoft (R) C/C++ Optimizing Compiler Version 19.00.24213.1 for x64
  Copyright (C) Microsoft Corporation.  All rights reserved.
  
  cl /c /Zi /W3 /WX- /Od /Ob0 /D WIN32 /D _WINDOWS /D HAVE___INLINE__ /D _DEBUG /D "CMAKE_INTDIR=\"Debug\"" /D _MBCS /Gm- /RTC1 /MDd /GS /fp:precise /Zc:wchar_t /Zc:forScope /Zc:inline /Fo"cmTC_ec3ad.dir\Debug\\" /Fd"cmTC_ec3ad.dir\Debug\vc140.pdb" /Gd /TC /errorReport:queue D:\Danny\SignalGarden\ElectrolyteThirdParty\MIT\jansson\build\CMakeFiles\CMakeTmp\src.c
  
  src.c
D:\Danny\SignalGarden\ElectrolyteThirdParty\MIT\jansson\build\CMakeFiles\CMakeTmp\src.c(1): error C2054: expected '(' to follow '__inline__' [D:\Danny\SignalGarden\ElectrolyteThirdParty\MIT\jansson\build\CMakeFiles\CMakeTmp\cmTC_ec3ad.vcxproj]
D:\Danny\SignalGarden\ElectrolyteThirdParty\MIT\jansson\build\CMakeFiles\CMakeTmp\src.c(1): error C2085: 'func': not in formal parameter list [D:\Danny\SignalGarden\ElectrolyteThirdParty\MIT\jansson\build\CMakeFiles\CMakeTmp\cmTC_ec3ad.vcxproj]
D:\Danny\SignalGarden\ElectrolyteThirdParty\MIT\jansson\build\CMakeFiles\CMakeTmp\src.c(1): error C2143: syntax error: missing ';' before '{' [D:\Danny\SignalGarden\ElectrolyteThirdParty\MIT\jansson\build\CMakeFiles\CMakeTmp\cmTC_ec3ad.vcxproj]
D:\Danny\SignalGarden\ElectrolyteThirdParty\MIT\jansson\build\CMakeFiles\CMakeTmp\src.c(1): warning C4013: 'func' undefined; assuming extern returning int [D:\Danny\SignalGarden\ElectrolyteThirdParty\MIT\jansson\build\CMakeFiles\CMakeTmp\cmTC_ec3ad.vcxproj]
Done Building Project "D:\Danny\SignalGarden\ElectrolyteThirdParty\MIT\jansson\build\CMakeFiles\CMakeTmp\cmTC_ec3ad.vcxproj" (default targets) -- FAILED.

Build FAILED.

"D:\Danny\SignalGarden\ElectrolyteThirdParty\MIT\jansson\build\CMakeFiles\CMakeTmp\cmTC_ec3ad.vcxproj" (default target) (1) ->
(ClCompile target) -> 
  D:\Danny\SignalGarden\ElectrolyteThirdParty\MIT\jansson\build\CMakeFiles\CMakeTmp\src.c(1): warning C4013: 'func' undefined; assuming extern returning int [D:\Danny\SignalGarden\ElectrolyteThirdParty\MIT\jansson\build\CMakeFiles\CMakeTmp\cmTC_ec3ad.vcxproj]


"D:\Danny\SignalGarden\ElectrolyteThirdParty\MIT\jansson\build\CMakeFiles\CMakeTmp\cmTC_ec3ad.vcxproj" (default target) (1) ->
(ClCompile target) -> 
  D:\Danny\SignalGarden\ElectrolyteThirdParty\MIT\jansson\build\CMakeFiles\CMakeTmp\src.c(1): error C2054: expected '(' to follow '__inline__' [D:\Danny\SignalGarden\ElectrolyteThirdParty\MIT\jansson\build\CMakeFiles\CMakeTmp\cmTC_ec3ad.vcxproj]
  D:\Danny\SignalGarden\ElectrolyteThirdParty\MIT\jansson\build\CMakeFiles\CMakeTmp\src.c(1): error C2085: 'func': not in formal parameter list [D:\Danny\SignalGarden\ElectrolyteThirdParty\MIT\jansson\build\CMakeFiles\CMakeTmp\cmTC_ec3ad.vcxproj]
  D:\Danny\SignalGarden\ElectrolyteThirdParty\MIT\jansson\build\CMakeFiles\CMakeTmp\src.c(1): error C2143: syntax error: missing ';' before '{' [D:\Danny\SignalGarden\ElectrolyteThirdParty\MIT\jansson\build\CMakeFiles\CMakeTmp\cmTC_ec3ad.vcxproj]

    1 Warning(s)
    3 Error(s)

Time Elapsed 00:00:00.41

Source file was:
__inline__ void func(); void func() { } int main() { func(); return 0; }
Performing C SOURCE FILE Test HAVE_SYNC_BUILTINS failed with the following output:
Change Dir: D:/Danny/SignalGarden/ElectrolyteThirdParty/MIT/jansson/build/CMakeFiles/CMakeTmp

Run Build Command:"C:/Program Files (x86)/MSBuild/14.0/bin/MSBuild.exe" "cmTC_92526.vcxproj" "/p:Configuration=Debug" "/p:VisualStudioVersion=14.0"
Microsoft (R) Build Engine version 14.0.25420.1
Copyright (C) Microsoft Corporation. All rights reserved.

Build started 2/6/2017 11:15:59 PM.
The target "_ConvertPdbFiles" listed in a BeforeTargets attribute at "C:\Program Files (x86)\MSBuild\14.0\Microsoft.Common.targets\ImportAfter\Xamarin.Common.targets (34,37)" does not exist in the project, and will be ignored.
The target "_CollectPdbFiles" listed in an AfterTargets attribute at "C:\Program Files (x86)\MSBuild\14.0\Microsoft.Common.targets\ImportAfter\Xamarin.Common.targets (34,70)" does not exist in the project, and will be ignored.
The target "_CollectMdbFiles" listed in a BeforeTargets attribute at "C:\Program Files (x86)\MSBuild\14.0\Microsoft.Common.targets\ImportAfter\Xamarin.Common.targets (41,38)" does not exist in the project, and will be ignored.
The target "_CopyMdbFiles" listed in an AfterTargets attribute at "C:\Program Files (x86)\MSBuild\14.0\Microsoft.Common.targets\ImportAfter\Xamarin.Common.targets (41,71)" does not exist in the project, and will be ignored.
Project "D:\Danny\SignalGarden\ElectrolyteThirdParty\MIT\jansson\build\CMakeFiles\CMakeTmp\cmTC_92526.vcxproj" on node 1 (default targets).
PrepareForBuild:
  Creating directory "cmTC_92526.dir\Debug\".
  Creating directory "D:\Danny\SignalGarden\ElectrolyteThirdParty\MIT\jansson\build\CMakeFiles\CMakeTmp\Debug\".
  Creating directory "cmTC_92526.dir\Debug\cmTC_92526.tlog\".
InitializeBuildStatus:
  Creating "cmTC_92526.dir\Debug\cmTC_92526.tlog\unsuccessfulbuild" because "AlwaysCreate" was specified.
ClCompile:
  C:\Program Files (x86)\Microsoft Visual Studio 14.0\VC\bin\x86_amd64\CL.exe /c /Zi /W3 /WX- /Od /Ob0 /D WIN32 /D _WINDOWS /D HAVE_SYNC_BUILTINS /D _DEBUG /D "CMAKE_INTDIR=\"Debug\"" /D _MBCS /Gm- /RTC1 /MDd /GS /fp:precise /Zc:wchar_t /Zc:forScope /Zc:inline /Fo"cmTC_92526.dir\Debug\\" /Fd"cmTC_92526.dir\Debug\vc140.pdb" /Gd /TC /errorReport:queue D:\Danny\SignalGarden\ElectrolyteThirdParty\MIT\jansson\build\CMakeFiles\CMakeTmp\src.c
  Microsoft (R) C/C++ Optimizing Compiler Version 19.00.24213.1 for x64
  Copyright (C) Microsoft Corporation.  All rights reserved.
  
  cl /c /Zi /W3 /WX- /Od /Ob0 /D WIN32 /D _WINDOWS /D HAVE_SYNC_BUILTINS /D _DEBUG /D "CMAKE_INTDIR=\"Debug\"" /D _MBCS /Gm- /RTC1 /MDd /GS /fp:precise /Zc:wchar_t /Zc:forScope /Zc:inline /Fo"cmTC_92526.dir\Debug\\" /Fd"cmTC_92526.dir\Debug\vc140.pdb" /Gd /TC /errorReport:queue D:\Danny\SignalGarden\ElectrolyteThirdParty\MIT\jansson\build\CMakeFiles\CMakeTmp\src.c
  
  src.c
D:\Danny\SignalGarden\ElectrolyteThirdParty\MIT\jansson\build\CMakeFiles\CMakeTmp\src.c(1): warning C4013: '__sync_bool_compare_and_swap' undefined; assuming extern returning int [D:\Danny\SignalGarden\ElectrolyteThirdParty\MIT\jansson\build\CMakeFiles\CMakeTmp\cmTC_92526.vcxproj]
Link:
  C:\Program Files (x86)\Microsoft Visual Studio 14.0\VC\bin\x86_amd64\link.exe /ERRORREPORT:QUEUE /OUT:"D:\Danny\SignalGarden\ElectrolyteThirdParty\MIT\jansson\build\CMakeFiles\CMakeTmp\Debug\cmTC_92526.exe" /INCREMENTAL /NOLOGO kernel32.lib user32.lib gdi32.lib winspool.lib shell32.lib ole32.lib oleaut32.lib uuid.lib comdlg32.lib advapi32.lib /MANIFEST /MANIFESTUAC:"level='asInvoker' uiAccess='false'" /manifest:embed /DEBUG /PDB:"D:/Danny/SignalGarden/ElectrolyteThirdParty/MIT/jansson/build/CMakeFiles/CMakeTmp/Debug/cmTC_92526.pdb" /SUBSYSTEM:CONSOLE /TLBID:1 /DYNAMICBASE /NXCOMPAT /IMPLIB:"D:/Danny/SignalGarden/ElectrolyteThirdParty/MIT/jansson/build/CMakeFiles/CMakeTmp/Debug/cmTC_92526.lib" /MACHINE:X64  /machine:x64 cmTC_92526.dir\Debug\src.obj
src.obj : error LNK2019: unresolved external symbol __sync_bool_compare_and_swap referenced in function main [D:\Danny\SignalGarden\ElectrolyteThirdParty\MIT\jansson\build\CMakeFiles\CMakeTmp\cmTC_92526.vcxproj]
D:\Danny\SignalGarden\ElectrolyteThirdParty\MIT\jansson\build\CMakeFiles\CMakeTmp\Debug\cmTC_92526.exe : fatal error LNK1120: 1 unresolved externals [D:\Danny\SignalGarden\ElectrolyteThirdParty\MIT\jansson\build\CMakeFiles\CMakeTmp\cmTC_92526.vcxproj]
Done Building Project "D:\Danny\SignalGarden\ElectrolyteThirdParty\MIT\jansson\build\CMakeFiles\CMakeTmp\cmTC_92526.vcxproj" (default targets) -- FAILED.

Build FAILED.

"D:\Danny\SignalGarden\ElectrolyteThirdParty\MIT\jansson\build\CMakeFiles\CMakeTmp\cmTC_92526.vcxproj" (default target) (1) ->
(ClCompile target) -> 
  D:\Danny\SignalGarden\ElectrolyteThirdParty\MIT\jansson\build\CMakeFiles\CMakeTmp\src.c(1): warning C4013: '__sync_bool_compare_and_swap' undefined; assuming extern returning int [D:\Danny\SignalGarden\ElectrolyteThirdParty\MIT\jansson\build\CMakeFiles\CMakeTmp\cmTC_92526.vcxproj]


"D:\Danny\SignalGarden\ElectrolyteThirdParty\MIT\jansson\build\CMakeFiles\CMakeTmp\cmTC_92526.vcxproj" (default target) (1) ->
(Link target) -> 
  src.obj : error LNK2019: unresolved external symbol __sync_bool_compare_and_swap referenced in function main [D:\Danny\SignalGarden\ElectrolyteThirdParty\MIT\jansson\build\CMakeFiles\CMakeTmp\cmTC_92526.vcxproj]
  D:\Danny\SignalGarden\ElectrolyteThirdParty\MIT\jansson\build\CMakeFiles\CMakeTmp\Debug\cmTC_92526.exe : fatal error LNK1120: 1 unresolved externals [D:\Danny\SignalGarden\ElectrolyteThirdParty\MIT\jansson\build\CMakeFiles\CMakeTmp\cmTC_92526.vcxproj]

    1 Warning(s)
    2 Error(s)

Time Elapsed 00:00:00.72

Source file was:
int main() { unsigned long val; __sync_bool_compare_and_swap(&val, 0, 1); return 0; } 
Performing C SOURCE FILE Test HAVE_ATOMIC_BUILTINS failed with the following output:
Change Dir: D:/Danny/SignalGarden/ElectrolyteThirdParty/MIT/jansson/build/CMakeFiles/CMakeTmp

Run Build Command:"C:/Program Files (x86)/MSBuild/14.0/bin/MSBuild.exe" "cmTC_56ad8.vcxproj" "/p:Configuration=Debug" "/p:VisualStudioVersion=14.0"
Microsoft (R) Build Engine version 14.0.25420.1
Copyright (C) Microsoft Corporation. All rights reserved.

Build started 2/6/2017 11:16:00 PM.
The target "_ConvertPdbFiles" listed in a BeforeTargets attribute at "C:\Program Files (x86)\MSBuild\14.0\Microsoft.Common.targets\ImportAfter\Xamarin.Common.targets (34,37)" does not exist in the project, and will be ignored.
The target "_CollectPdbFiles" listed in an AfterTargets attribute at "C:\Program Files (x86)\MSBuild\14.0\Microsoft.Common.targets\ImportAfter\Xamarin.Common.targets (34,70)" does not exist in the project, and will be ignored.
The target "_CollectMdbFiles" listed in a BeforeTargets attribute at "C:\Program Files (x86)\MSBuild\14.0\Microsoft.Common.targets\ImportAfter\Xamarin.Common.targets (41,38)" does not exist in the project, and will be ignored.
The target "_CopyMdbFiles" listed in an AfterTargets attribute at "C:\Program Files (x86)\MSBuild\14.0\Microsoft.Common.targets\ImportAfter\Xamarin.Common.targets (41,71)" does not exist in the project, and will be ignored.
Project "D:\Danny\SignalGarden\ElectrolyteThirdParty\MIT\jansson\build\CMakeFiles\CMakeTmp\cmTC_56ad8.vcxproj" on node 1 (default targets).
PrepareForBuild:
  Creating directory "cmTC_56ad8.dir\Debug\".
  Creating directory "D:\Danny\SignalGarden\ElectrolyteThirdParty\MIT\jansson\build\CMakeFiles\CMakeTmp\Debug\".
  Creating directory "cmTC_56ad8.dir\Debug\cmTC_56ad8.tlog\".
InitializeBuildStatus:
  Creating "cmTC_56ad8.dir\Debug\cmTC_56ad8.tlog\unsuccessfulbuild" because "AlwaysCreate" was specified.
ClCompile:
  C:\Program Files (x86)\Microsoft Visual Studio 14.0\VC\bin\x86_amd64\CL.exe /c /Zi /W3 /WX- /Od /Ob0 /D WIN32 /D _WINDOWS /D HAVE_ATOMIC_BUILTINS /D _DEBUG /D "CMAKE_INTDIR=\"Debug\"" /D _MBCS /Gm- /RTC1 /MDd /GS /fp:precise /Zc:wchar_t /Zc:forScope /Zc:inline /Fo"cmTC_56ad8.dir\Debug\\" /Fd"cmTC_56ad8.dir\Debug\vc140.pdb" /Gd /TC /errorReport:queue D:\Danny\SignalGarden\ElectrolyteThirdParty\MIT\jansson\build\CMakeFiles\CMakeTmp\src.c
  Microsoft (R) C/C++ Optimizing Compiler Version 19.00.24213.1 for x64
  Copyright (C) Microsoft Corporation.  All rights reserved.
  
  cl /c /Zi /W3 /WX- /Od /Ob0 /D WIN32 /D _WINDOWS /D HAVE_ATOMIC_BUILTINS /D _DEBUG /D "CMAKE_INTDIR=\"Debug\"" /D _MBCS /Gm- /RTC1 /MDd /GS /fp:precise /Zc:wchar_t /Zc:forScope /Zc:inline /Fo"cmTC_56ad8.dir\Debug\\" /Fd"cmTC_56ad8.dir\Debug\vc140.pdb" /Gd /TC /errorReport:queue D:\Danny\SignalGarden\ElectrolyteThirdParty\MIT\jansson\build\CMakeFiles\CMakeTmp\src.c
  
  src.c
D:\Danny\SignalGarden\ElectrolyteThirdParty\MIT\jansson\build\CMakeFiles\CMakeTmp\src.c(1): warning C4013: '__atomic_test_and_set' undefined; assuming extern returning int [D:\Danny\SignalGarden\ElectrolyteThirdParty\MIT\jansson\build\CMakeFiles\CMakeTmp\cmTC_56ad8.vcxproj]
D:\Danny\SignalGarden\ElectrolyteThirdParty\MIT\jansson\build\CMakeFiles\CMakeTmp\src.c(1): error C2065: '__ATOMIC_RELAXED': undeclared identifier [D:\Danny\SignalGarden\ElectrolyteThirdParty\MIT\jansson\build\CMakeFiles\CMakeTmp\cmTC_56ad8.vcxproj]
D:\Danny\SignalGarden\ElectrolyteThirdParty\MIT\jansson\build\CMakeFiles\CMakeTmp\src.c(1): warning C4013: '__atomic_store_n' undefined; assuming extern returning int [D:\Danny\SignalGarden\ElectrolyteThirdParty\MIT\jansson\build\CMakeFiles\CMakeTmp\cmTC_56ad8.vcxproj]
D:\Danny\SignalGarden\ElectrolyteThirdParty\MIT\jansson\build\CMakeFiles\CMakeTmp\src.c(1): error C2065: '__ATOMIC_RELEASE': undeclared identifier [D:\Danny\SignalGarden\ElectrolyteThirdParty\MIT\jansson\build\CMakeFiles\CMakeTmp\cmTC_56ad8.vcxproj]
D:\Danny\SignalGarden\ElectrolyteThirdParty\MIT\jansson\build\CMakeFiles\CMakeTmp\src.c(1): warning C4013: '__atomic_load_n' undefined; assuming extern returning int [D:\Danny\SignalGarden\ElectrolyteThirdParty\MIT\jansson\build\CMakeFiles\CMakeTmp\cmTC_56ad8.vcxproj]
D:\Danny\SignalGarden\ElectrolyteThirdParty\MIT\jansson\build\CMakeFiles\CMakeTmp\src.c(1): error C2065: '__ATOMIC_ACQUIRE': undeclared identifier [D:\Danny\SignalGarden\ElectrolyteThirdParty\MIT\jansson\build\CMakeFiles\CMakeTmp\cmTC_56ad8.vcxproj]
Done Building Project "D:\Danny\SignalGarden\ElectrolyteThirdParty\MIT\jansson\build\CMakeFiles\CMakeTmp\cmTC_56ad8.vcxproj" (default targets) -- FAILED.

Build FAILED.

"D:\Danny\SignalGarden\ElectrolyteThirdParty\MIT\jansson\build\CMakeFiles\CMakeTmp\cmTC_56ad8.vcxproj" (default target) (1) ->
(ClCompile target) -> 
  D:\Danny\SignalGarden\ElectrolyteThirdParty\MIT\jansson\build\CMakeFiles\CMakeTmp\src.c(1): warning C4013: '__atomic_test_and_set' undefined; assuming extern returning int [D:\Danny\SignalGarden\ElectrolyteThirdParty\MIT\jansson\build\CMakeFiles\CMakeTmp\cmTC_56ad8.vcxproj]
  D:\Danny\SignalGarden\ElectrolyteThirdParty\MIT\jansson\build\CMakeFiles\CMakeTmp\src.c(1): warning C4013: '__atomic_store_n' undefined; assuming extern returning int [D:\Danny\SignalGarden\ElectrolyteThirdParty\MIT\jansson\build\CMakeFiles\CMakeTmp\cmTC_56ad8.vcxproj]
  D:\Danny\SignalGarden\ElectrolyteThirdParty\MIT\jansson\build\CMakeFiles\CMakeTmp\src.c(1): warning C4013: '__atomic_load_n' undefined; assuming extern returning int [D:\Danny\SignalGarden\ElectrolyteThirdParty\MIT\jansson\build\CMakeFiles\CMakeTmp\cmTC_56ad8.vcxproj]


"D:\Danny\SignalGarden\ElectrolyteThirdParty\MIT\jansson\build\CMakeFiles\CMakeTmp\cmTC_56ad8.vcxproj" (default target) (1) ->
(ClCompile target) -> 
  D:\Danny\SignalGarden\ElectrolyteThirdParty\MIT\jansson\build\CMakeFiles\CMakeTmp\src.c(1): error C2065: '__ATOMIC_RELAXED': undeclared identifier [D:\Danny\SignalGarden\ElectrolyteThirdParty\MIT\jansson\build\CMakeFiles\CMakeTmp\cmTC_56ad8.vcxproj]
  D:\Danny\SignalGarden\ElectrolyteThirdParty\MIT\jansson\build\CMakeFiles\CMakeTmp\src.c(1): error C2065: '__ATOMIC_RELEASE': undeclared identifier [D:\Danny\SignalGarden\ElectrolyteThirdParty\MIT\jansson\build\CMakeFiles\CMakeTmp\cmTC_56ad8.vcxproj]
  D:\Danny\SignalGarden\ElectrolyteThirdParty\MIT\jansson\build\CMakeFiles\CMakeTmp\src.c(1): error C2065: '__ATOMIC_ACQUIRE': undeclared identifier [D:\Danny\SignalGarden\ElectrolyteThirdParty\MIT\jansson\build\CMakeFiles\CMakeTmp\cmTC_56ad8.vcxproj]

    3 Warning(s)
    3 Error(s)

Time Elapsed 00:00:00.41

Source file was:
int main() { char l; unsigned long v; __atomic_test_and_set(&l, __ATOMIC_RELAXED); __atomic_store_n(&v, 1, __ATOMIC_RELEASE); __atomic_load_n(&v, __ATOMIC_ACQUIRE); return 0; }
